<?xml version="1.0" encoding="UTF-8"?>
<robot generator="Robot 6.0.2 (Python 3.10.10 on win32)" generated="20230624 10:29:44.503" rpa="false" schemaversion="3">
<suite id="s1" name="Appdietstep" source="d:\Application\MySkill\MySkill-RobotFramework-Mobile-master\step\appdietstep.robot">
<kw name="Start Session Apps" library="appDietPages" type="SETUP">
<kw name="Set Appium Timeout" library="AppiumLibrary">
<arg>10</arg>
<doc>Sets the timeout in seconds used by various keywords.</doc>
<status status="PASS" starttime="20230624 10:29:44.685" endtime="20230624 10:29:44.686"/>
</kw>
<kw name="Open Application" library="AppiumLibrary">
<arg>http://localhost:4723/wd/hub</arg>
<arg>automationName=UiAutomator2</arg>
<arg>platformName=Android</arg>
<arg>deviceName=emulator-5554</arg>
<arg>appPackage=com.fghilmany.dietmealapp</arg>
<arg>appActivity=com.fghilmany.dietmealapp.ui.main.MainActivity</arg>
<arg>autoGrantPermissions=true</arg>
<arg>noReset=true</arg>
<doc>Opens a new application to given Appium server.
Capabilities of appium server, Android and iOS,
Please check https://github.com/appium/appium/blob/master/docs/en/writing-running-appium/server-args.md
| *Option*            | *Man.* | *Description*     |
| remote_url          | Yes    | Appium server url |
| alias               | no     | alias             |
| strict_ssl          | No     | allows you to send commands to an invalid certificate host like a self-signed one. |</doc>
<status status="PASS" starttime="20230624 10:29:44.686" endtime="20230624 10:29:52.130"/>
</kw>
<kw name="Sleep" library="BuiltIn">
<arg>1</arg>
<doc>Pauses the test executed for the given time.</doc>
<msg timestamp="20230624 10:29:53.144" level="INFO">Slept 1 second</msg>
<status status="PASS" starttime="20230624 10:29:52.130" endtime="20230624 10:29:53.146"/>
</kw>
<status status="PASS" starttime="20230624 10:29:44.685" endtime="20230624 10:29:53.146"/>
</kw>
<test id="s1-t1" name="As a user i want to open APP Diet" line="18">
<kw name="Sleep" library="BuiltIn">
<arg>10</arg>
<doc>Pauses the test executed for the given time.</doc>
<msg timestamp="20230624 10:30:03.155" level="INFO">Slept 10 seconds</msg>
<status status="PASS" starttime="20230624 10:29:53.147" endtime="20230624 10:30:03.157"/>
</kw>
<kw name="Page Should Contain Text" library="AppiumLibrary">
<arg>Welcome</arg>
<doc>Verifies that current page contains `text`.</doc>
<msg timestamp="20230624 10:30:03.212" level="INFO">Current page contains text 'Welcome'.</msg>
<status status="PASS" starttime="20230624 10:30:03.157" endtime="20230624 10:30:03.213"/>
</kw>
<kw name="User Input Data">
<kw name="Sleep" library="BuiltIn">
<arg>10</arg>
<doc>Pauses the test executed for the given time.</doc>
<msg timestamp="20230624 10:30:13.218" level="INFO">Slept 10 seconds</msg>
<status status="PASS" starttime="20230624 10:30:03.214" endtime="20230624 10:30:13.218"/>
</kw>
<kw name="Input Text" library="AppiumLibrary">
<arg>${homePageNameField}</arg>
<arg>MySkill</arg>
<doc>Types the given `text` into text field identified by `locator`.</doc>
<msg timestamp="20230624 10:30:13.220" level="INFO">Typing text 'MySkill' into text field 'com.fghilmany.dietmealapp:id/et_name'</msg>
<msg timestamp="20230624 10:30:13.788" level="INFO">criteria is com.fghilmany.dietmealapp:id/et_name</msg>
<status status="PASS" starttime="20230624 10:30:13.218" endtime="20230624 10:30:13.788"/>
</kw>
<kw name="Input Text" library="AppiumLibrary">
<arg>${homePageWeightField}</arg>
<arg>75</arg>
<doc>Types the given `text` into text field identified by `locator`.</doc>
<msg timestamp="20230624 10:30:13.791" level="INFO">Typing text '75' into text field 'id=com.fghilmany.dietmealapp:id/et_weight'</msg>
<msg timestamp="20230624 10:30:14.814" level="INFO">criteria is com.fghilmany.dietmealapp:id/et_weight</msg>
<status status="PASS" starttime="20230624 10:30:13.790" endtime="20230624 10:30:14.814"/>
</kw>
<kw name="Input Text" library="AppiumLibrary">
<arg>${homePageHeightField}</arg>
<arg>175</arg>
<doc>Types the given `text` into text field identified by `locator`.</doc>
<msg timestamp="20230624 10:30:14.815" level="INFO">Typing text '175' into text field 'id=com.fghilmany.dietmealapp:id/et_height'</msg>
<msg timestamp="20230624 10:30:15.966" level="INFO">criteria is com.fghilmany.dietmealapp:id/et_height</msg>
<status status="PASS" starttime="20230624 10:30:14.814" endtime="20230624 10:30:15.966"/>
</kw>
<kw name="Tap" library="AppiumLibrary">
<arg>${homePageGenderMaleButton}</arg>
<doc>*DEPRECATED!!* Since selenium v4, use `Tap With Positions` keyword.</doc>
<msg timestamp="20230624 10:30:15.967" level="WARN">Keyword 'AppiumLibrary.Tap' is deprecated. Since selenium v4, use `Tap With Positions` keyword.</msg>
<msg timestamp="20230624 10:30:16.751" level="INFO">criteria is com.fghilmany.dietmealapp:id/rb_male</msg>
<status status="PASS" starttime="20230624 10:30:15.967" endtime="20230624 10:30:16.751"/>
</kw>
<status status="PASS" starttime="20230624 10:30:03.214" endtime="20230624 10:30:16.751"/>
</kw>
<kw name="User Tap Next Button" library="appDietPages">
<kw name="Tap With Positions" library="AppiumLibrary">
<arg>${homePageNextButton}</arg>
<doc>Taps on a particular place with up to five fingers, holding for a
certain time</doc>
<status status="PASS" starttime="20230624 10:30:16.752" endtime="20230624 10:30:16.763"/>
</kw>
<status status="PASS" starttime="20230624 10:30:16.752" endtime="20230624 10:30:16.763"/>
</kw>
<kw name="Close Session Apps" library="appDietPages">
<kw name="Capture Page Screenshot" library="AppiumLibrary">
<doc>Takes a screenshot of the current page and embeds it into the log.</doc>
<msg timestamp="20230624 10:30:17.000" level="INFO" html="true">&lt;/td&gt;&lt;/tr&gt;&lt;tr&gt;&lt;td colspan="3"&gt;&lt;img src="data:image/png;base64, iVBORw0KGgoAAAANSUhEUgAABDgAAAjoCAYAAAA5jhrUAAAAAXNSR0IArs4c6QAAAARzQklUCAgI
CHwIZIgAACAASURBVHic7N15eFTV4cbxd7KQhISEJCQgiwTCFiCEfRUIioAsElyqrVhp9adYW61W
arWuaK1tRUQUsVaxVWi1KquIbAKyBgg7QRYBgcgWQkJWsszvjzSRMHcmM5OZSS58P8/j8yT3nnvO
ublJ5L45i6WPFloFAAAAAABgYn613QEAAAAAAICaIuAAAAAAAACmR8ABAAAAAABMj4ADAAAAAACY
HgEHAAAAAAAwPQIOAAAAAABgegQcAAAAAADA9Ag4AAAAAACA6RFwAAAAAAAA0yPgAAAAAAAApkfA
AQAAAAAATI+AAwAAAAAAmB4BBwAAAAAAMD0CDgAAAAAAYHoBtd0BwCwsFqlZfKh+9rvW6jMsRtfE
hVxyziKr1SpJKi2x6vDeXH01+4S++OCYsjMv6n+nAAAAAABeYumjhbx6AXZYLFK9YH89/mZnDf9Z
MwUG+clicf76sjKr8rJL9O7z+/Xf6YcJOgAAAICryKgJLXRNyxCHZf7xwn4f9ebKR8AB2OHnb9Fr
i3qr97BGslgsLgUbl7NaJavVquvqLVZZKT9yAAAAqH0NIgMV37mBoq8JVmRMPTWIDNSFrGJlnbmo
zB8KdWj3BV3IKq7tbnpcu67h2r89xydtvb2qn7oNjnZYpq9lkU/6cjVgigpgoNugKL21sp/8/GuQ
alzCYimfxjL6Fy204B/fe6ROAAAAwBUdekSo19BG6jGkkdomhSu6SVC112SeLNKBHTnauvKsUpef
1bdp2T7oqfc8MytJPxwt8FnAAd8i4AAu8+Tfu+jm+66t0YgNe371cgctfO97Wa1S8zahOn4wz/ON
AAAAAP/TtFV9jf5FC438eXM1qWaqhJHoJkGKbhKjvsNj9JCkk0cLtPhfx7Vo1jFlHM73fIe96JlZ
SRo1oQVTQq5gBBzA/1gs0r+2DVLbpHCvtREeFVj58bgHrtWZE4X6z+uHvdYeAAAArk4JPSP0y2fa
aeDNjT1ab5OWIfrlM231y2faas38k5r10gGlb6n7ozoqwg1vadc1XL+d2kndkx1PRzGy0Tq6yudp
qzL1+qN7GGXiBraJNZmAQIuubReqpq3q+7ztijl6Mc2CPVpvbd7Tpf61bZDadPFeuCFJFj+LOvWJ
lCTtTT2vR17rpNt/HefVNgEAAHD1SOgZoWlf9dGszQM9Hm5cbtDYJpq1eaBeX9JHCT0jvNpWTXg7
3JCkR193L9ww0j05Wr+d2skjdV1tGMHhZdeNbqwR45vp2nah+nn3b9yqo1l8fd31eLx6JEerRdvQ
ynUhSoqtOpJ+QZuXn9WHfz2kc6eKPNl1SeWr/g7/WVO17x6hiOh6lccL80v13Z4LWr/4tP47/Yiy
My+6VG9t3pORp97t4tWRGxUsFqnv8Bjt3pilMxlFslikR6d10r60bO1an+X19gEAAHDl6jIgSi/+
u5sat3B9KkpN9B0eo1Ydw/TMT7dp57pzPm27Or4INyRVu5CoqzwVllxtCDi8IC4hTGN+2UKDU5qo
eZtQSXL7Rf2nj7bWfc+3U2i47aMKCLSoTZdwtekSrpH3NNe0x/Zq8b+O16jvFeISwvTsB13VsXdD
w/PB9f3VsVdDdezVUOMeaKnXH92jZf/JcKru2rone7oNitKYe6/1ahuXqhglEhRSPoDKz8+imav7
6/rwJSoqKPVZPwAAAHDluOvxeD30SgePLZLvqsYtQjRzdT+9+US65kz5rlb6cDlfhRuoOwg4PKR+
gwCNuqe5rr+9qbr0j5R/QM1/sfzfC+30y2faVVnssqigVGdOFMo/wKJGTYMVWK/8JTkiup7++F6S
guv76/OZR2vUbnznBpr2VR81alp1Ksr5sxd1IatYwfX9FX1NkPz8yjsW3SRIz/6zq/wDLFry0Yk6
eU/2+AdY9NbKfl5ZUNSeitWqW/wv/Krox+ydg3R7u69lZRdZAAAAOKlesJ+e/aCrht7RtLa7Ij9/
ix5+taM69mqoyRO262JhWa31hXDj6kTAUUN9hsVo1ITm6jciVg0iA6u/wIV6JzzVtvLF+2Jhmf7z
+nea89p3On+mfDpIk2tDNP738Rr3QEv5B1jkH2DRgy93UNrqTB1Jz3W77ec/6lYl3Ni2OlPvTT6g
LSvPVh5r2qq+7n4iXmPvu1Z+/hYF1vPTo693Uuqys3ZHq9TmPRmxWKQpi3r7POUODvWXJHUdFFXl
eLP4UDWLZ2cVAAAAOCciup6mfdVHHXrUrfUvht7RVNFNgvTkbVt1/qxrU9k9gXDj6sUiozX0678m
aNhPm9mEGz8cydfp44Vu1zt+UnzlKBCrVZry8G7NeHJfZRAgSSe/L9Crv96t9188UHmsQWSg7no8
3u1273ikVZW1KNbMP6kHkzdUCTckKeNwvv4ycZdmXzL8LCK6nn76aOs6d0/21Av2V+8bG3m83uoU
F5XJYpHad6v6PyKLRZq1+TqfjiYBAACAeb3yWY86F25U6DY4Wn/+tIfP2zUKN77453FtW53p877A
9wg4POhCVrGWf5yh36ds0bhWK3Uk/YJb9cQ2D66ySM221Zma/+73dsu/N3m/vtvzY1sDRsUqINC9
t+TBKU0qPy7ILdHfHtrtsPyslw7oQlZx5efdBkcZlqvNe7Jn0ludZTFIE6xWqazUqlPHCrR5+Vn9
e+p3euuJdE17bK8+/MshbVl5Vkf35epiYZnKyqwuTynJ+l+gc02c7a4xoeEBikto4Nb9AAAA4Ooy
9bd76uwabkUFpZr62z0+bdNeuPHihO0+7QdqD1NUauhiYZk2rzirrz/7QUs+OqH8CyU1rvO60Y2r
vMyv/PSHaq/5ZsEpte5U/mIc1ThI3QZFa/OKs9VcZSsuIazy431bs3XmhONRKPkXSnRo9wV1HVge
bBi9tEu1e09G/PwsGv6zZpWjJSpCisX/Oq53n/u2cvRN576RmvBUG90ysaUCg8rzwE/fPKLfDN0o
SQoK8deoCS30yJSOCgzyc2r0xZH0C4qIrldZ3+X9emJmoiYOWl/zmwQAAMAVbf/2HE2esEN/+rh7
bXfFxuQJO7R/e47P2iPcgETAUWO/uXGjR0KNS7XtWnW70rULT1V7zeblZ3XPk20qP+/QM8IwDJj0
VmfddHdzlRRbNee17/TBnw5UOb924anKF+/0LdlO9ffSERxGO6NI3r0nd1zTKkQB9fxktZaPVJk8
YbvWzDslq9WqBpGBenFONyXfco38/C1VQouyMqtm/elgZSBSmF+qz2Yc0Wczjqhpq/p66ePuSujZ
0G7QYbWW39cdj7SyW6Zz30j5+VtUVspqowAAAHBsxScZ6tA9Qnc/4fkp3e768C+HtOIT53ZY9ATC
DVQg4KghT4cbUvlCmxVyzhXr5PcF1V6zb+t5lZVZK3c2adk+zKZMlwFRuuXBuMoX63ufbau5M48q
O/PHNTBe/r+dLvf30lCjMM94iJy37slddz0eL6vVqtce3qPPZhyR1Vq+BsZf5/XSdWMa2w8oyqRs
OwslZRzO1y97r1Wz+Pr6OH2I4ZQaq9WqzSvOavIc+ym7n78U2yzYqa8RAAAAMOPJdLXp0kD9boqt
7a5ow5enNePJdJ+1R7iBS7EGRx0U0ahe5cc555xbdTg3u0R52T+GLWERtju6hEcGVnlxD6znZ3fE
hbMaRAZWWZR031bjUR/euid3de4bqWFRX+nTt8rDjc59I/VN0SiH4YYkHT+YJ2s1i26cOJSvgUFf
aOWnP9isz3GxsEwJPRs63HHHYrFo0CVroQAAAACOWK3S03em6ei3nt110FVHv83V03emubxGnbsI
N3A5Ao46KOR/24hK5VMgnFV0yT7T9Rv425zf+NVp7d6YVfn515/9oIzD+W72styDL3eo8rI+7+9H
Dct5657c9fNua5SbXSKLRZr4Unu9u36AAgIt1a6hsWtDllO/sK1W6Y8/2aoXJ2yvUn7BP77X3+b3
dNiOxSL1rwPpOwAAAMwjL6dEk27erNxsz48wd0Zudnn7eTm+af+F2d0IN2CDKSp1UEDgj7lTaYnz
8Wdx0Y/BQUio7aMtKbZq4qD16jGkkYoKSrX9m3Nu9zG2ebDue76dxvzy2spjqz4/qVVzTxqW99Y9
1YTFIr26sLf6j4x1emvWvZvPO12/1Vq+aGnWmYuasqiXJGnbmnO6/Tetqr22ZYdQp9sBAAAAJOn7
/Xl6+s6teu2L3pXTvH2hrMyqp+/cqu/35/mkvU8PDFHzNlX/vUy4AYmAo07yxC8ji52xOSXFVm1a
esalun76WGt1G1S+S0pgPT9FNQ5SXEKYgkJ+HFGxfvFpTXbwC8Wb9+Suv83v5VK4IalydxVXbPjy
tJ756Tbd9bvW+tPH3Z1qLzI2yOV2AAAAgI1LzuiN3+3Vb6d28lmbb/xurzYuce0dw12EG3CEgAPV
SugZoUFjjdeEKMgt0Yyn9um/04/4uFc1c/tv4jRgtOP1Noy4u8/4yv9maNKbneXn71yD/k6WAwAA
AC73n9cPq2WHMI17oKXX25r7zlH95/XDXm9HItxA9ViDAzUSEhagX/yxrSb8sW1td8Ulj77eyeVw
Q5JCG7ieCVZMhWkYU6/6wv9z6dojAAAAgKte/fVu7Vjr/pR0Z+xYe06v/nq3V9uoQLgBZzCCA9Va
NOu4dq4rX5w0KMRf0U2C1KFHhLoMiFJAoEVRjYM08aX2apsUrj/+ZGst99a7Lv+lWh2LRXr+o27q
P9K1RUPPZrg+FQYAAACoUFpi1RPjtuifaQPVuEWIx+s/daxAT4zb4tL6eu4yCjc2fnWGcAM2CDjq
oOq2IXVGWannftGkLjuj1GW2c+o69Wmop95NUnxiA0nSDbdfo92Ptda/X/vOpmxduydrmdwav9Rl
QKT0N+fKWizS39cNUOe+kS6PFvl2m/F2uwAAAICzzp+9qEk3b9a76wdUWT+vpooKSjXp5s06f/ai
x+q0xyjckKR/vXLQ623DfJiiUgdduo3qpbuPVCew3o9lS4q9n6Tu2XRev71pk86dKqo8dtuv4gzL
1rV7cneP8HbdIpwKK8IiArQ6f6QS+7keblit0tqFp9zqHwAAAHCp/dtzNHnCDo/WOXnCDu3fnuPR
Oo3YCzcAewg46qCCvB/DgHrBzj+iesE/prL5ub7Zf/rMiUJ9NedE5efN4uure3K0Tbm6dk/L/pPh
1nWxzYMdLhQaEGjR799O1LKsES7d56WsVqtSl51161oAAADgcis+ydCHfznkkbo+/MshrfjEvX9L
u4JwA+4g4KiDcs8XV34cEe3cwpTB9f0VGv7jjKOcc8UOSnvW3tTzVT7v0CPCpkxdu6d5f/9eZWWu
jwixWCxq3amBzfHAen769V8T9HXuTRr3QEu3FjCtUJhXqpxz3h/uBwAAgKvHjCfTteHL0zWqY8OX
pzXjyXQP9cg+wg24izU46qDjh/IrPw6PClRs82CdPu540cl23SLkH/DjW/XJowUut3tNXH0NufXH
7WC3rc5U+pbq14LIza46suLSURcVauue7Mk+e1H5F0oVFuHaj4DFUr4Dy8PDNiosIlDDftZMP/td
azVuEVKjUKOC1Sot+eiEPLBkCQAAAFDJapWevjNN76dep5btw1y+/ui3uXr6zjSv/zuVcAM1wQiO
OujQrqrz2a4b3bjaay6fFvJtmuuLVEbG1NPDr3as/G/wuGucui6qcVCVz7MNFhuqrXuyp6zMqg/+
dMCtX9DdBkfry1PD9OXpYXr09U5qcq1nwg2pfHrKW3/wfioOAACAq09eTkn54qBnXBstfP5M+WKl
eTnenQZPuIGaIuCogzYtPavii2WVnw+8ufowoP9NMZUfF+SWaNNS211PqvP9/lwVF/3Ybue+DZ26
LmlAZJXPjYKI2ronR2a/esit3V0sFunLD4/LWmb1WLBR4fCeXOVf8M36KQAAALj6fL8/T78ft8Xp
BfxLiq36/bgt+n5/nlf7RbgBTyDgqIN+OJKv7d+cq/y8z7AYh4HA0DuaKrF/VOXnW1ZmVtm1xFm5
2SXac8l6Gt2To5V8SxMHV0itOjbQkNt+HOlx/GCe9m4+b1Outu7JEatVmv64e6MlbnsoTo+M2OTR
IXplZVbd02MN01MAAADgVTvXndNrD+92quxrD+/WznXnqi9YA4Qb8BQCjjrq0zePqKy0/E3Xz9+i
P76XpBtut50ycuOdTfXE24mVIwnKSq36eNphu/VOequzVuaM0NLM4Zrwx7Y25z9543DlC7afn0VP
v99Vt//aeOvXviNi9OqCXmrQMLDy2H/fPOLze6qJj6cddmuonZ+/Rfc+205Tf7vHrcVKL2e1Sv+d
fsQn2/sCAAAAn888qrnvHHVYZu47R/X5TMdlaopwA55k6aOFvFF5yRtL+6j3jeXTLM6dKtLIJstc
uv7Jv3fR2P+7tvJzq1U6uDNH33+bK1ksatk+VPGJ4VWmSXzyxmG99sgew/q6DIjSO9/0ryxffLFM
o5suV3Zm1Tl4T8xM1LgHWlY5dupYgQ7syNGFrGIF1/dXyw5hatWxQZW218w/qd+nbPHpPXlCZGyQ
vvhhqPz8XJtvUlZm1R9/kqbg+v569p9dazRd5fTxQqW0XOGRsAQAAABwhn+ARTO+7qek66Jszu1Y
e06/GrJBpSXe+/dpTcKNXw3ZoLRVmU6Xf3tVP3UbXL7G3z9e2K9/PL/frXbt2Wgd7dH6JKmvZZHH
67zSsYtKHfbn+3fKYpHG3HutLJbytR/aJoWrbVK4TVmrtTwImPpb+0FAeGRglZfwwHp+Cg0PsAk4
/jJxl3KzS3TnI60UGFQ+yKdxixA1bhFiWK/VWr4mxSsP7PT5PXlC1ukiPXXbVv35s54uhRR+fhb9
6ePuGt1suW5pvVKfHRrickgilc9r/FnnVYQbAAAA8KnSEqueGLdF/0wbWOXf+qeOFeiJcVvqbLgh
Sb+d2km554udLt/G4H0DVx4Cjjru5f/bqY1fndH4SfFq373qtqlS+S+lvZvP658vH9TaRacc1rXx
q9PavTFLnfuWLwr69Wc/KONwvmHZt55I1+q5J/XTx1qr7/AYhYbbfqsUF5Vp+zfn9Mn0w/pmgeO2
vXVPnrJq7km998J+3ftcO9dCDn+LFmUM1cCgxboucLH+sXGAOvSIcDroKCu16pbWK2y22gUAAAB8
4fzZ8h1S3l0/QEEh/ioqKC3facVgZ0RP8cS0lHZd61ZgkZtdorAIz71e837gHqaomMg1cfXVdWCU
ohoHyWq1KvNkkbatztTp44VO1xEQaFGPIY1UVFBaZdFPZ65p0TZUYREBKsgr1aljBdqy4myNf/A8
cU+eNOGPbXX/5HauT1cpterma1fobEah4hMb6OX/9lCLtqEO6ym+WKZb41fqzIlCFhYFAABArRp6
R1O99J/uevrONC3/OMNr7dSFNTe8MUXlvufb6b7n2nmsPm/08WpAwAFcpseQaE1f1ld+/q6FHCXF
Vj02KlWpy8q3s23Wur4m/LGtRv68eWVdFaNDzv5QpDsTvlb+hVJNWdRLaasztXbhaTVtFaJ1X5z2
6P0AAAAAzujcN1K7N2Z5rf6hdzTVrQ+2rL6gE/Zvz9EFF6aoXCptVaZL63c4q3tytLonR9e4Hm/1
72pAwAEYCAn113/Sk+2uO2KP1SptXHJaj45MrTzm52dR/Qb+atMlXKMmtFBhXmmV3VceeiVBRYWl
yjp9UY2uCdI7z3zr0XsBAAAAgKsBAQdgh8Uite0aoXfW9FNwaIBLa3OUlVn1wt3btfTfJ5h+AgAA
AAA+QMABOKF99wg9/mZnJfRsKP8AS7Vhh9UqWcusys8t1SPDN2rPpvO+6SgAAAAAXKUIOAAX+Plb
1OTaEA0e10T9RsQoLqGBGjaqp3rBfirILdHpE4U6sD1H3yw4pY1fnVHOuYuM4AAAAAAAHyDgAAAA
AAAApudX2x0AAAAAAACoKQIOAAAAAABgegQcAAAAAADA9Ag4AAAAAACA6RFwAAAAAAAA0yPgAAAA
AAAApkfAAQAAAAAATI+AAwAAAAAAmB4BBwAAAAAAMD1LVFSUtbY7AQAAAAAAUBOM4AAAAAAAAKZH
wAEAAAAAAEyPgAMAAAAAAJgeAQcAAAAAADA9Ag4AAAAAAGB6BBwAAAAAAMD0CDgAAAAAAIDpEXAA
AAAAAADTI+AAAAAAAACmR8ABAAAAAABMj4ADAAAAAACYHgEHAAAAAAAwPQIOAAAAAABgegQcAAAA
AADA9Ag4AAAAAACA6RFwAAAAAAAA0yPgAAAAAAAApkfAAQAAAAAATI+AAwAAAAAAmB4BBwAAAAAA
MD0CDgAAAAAAYHoEHAAAAAAAwPQIOAAAAAAAgOkRcAAAAAAAANMj4AAAAAAAAKZHwAEAAAAAAEyP
gAMAAAAAAJgeAQcAAAAAADA9Ag4AAAAAAGB6BBwAAAAAAMD0CDgAAAAAAIDpEXAAAAAAAADTI+AA
AAAAAACmR8ABAAAAAABMj4ADAAAAAACYHgEHAAAAAAAwPQIOAAAAAABgegQcAAAAAADA9Ag4AAAA
AACA6RFwAAAAAAAA0yPgAAAAAAAApkfAAQAAAAAATI+AAwAAAAAAmB4BBwAAAAAAMD0CDgAAAAAA
YHoEHAAAAAAAwPQIOAAAAAAAgOkRcAAAAAAAANMj4AAAAAAAAKZHwAEAAAAAAEyPgAMAAAAAAJge
AQcAAAAAADA9Ag4AAAAAAGB6BBwAAAAAAMD0CDgAAAAAAIDpEXAAAAAAAADTC6jtDgCo25o1a6Zu
3boZntuxY4eOHTvm4x4BAAAAgC0CDi+JiYmRv7+/Tp48WdtdAWokMTFRkydPNjw3efJkAg4AAAAA
dYLpA46OHTtKkgIDA9W4cePK4wUFBcrMzKxStqysTHl5ecrKylJubq5X+jN69GhNnDhR11xzjSwW
i06dOqV//OMf+uyzz7zSnplVPLugoCDFxMRIqvrcCgoKdPjwYa+0HRcXp/r160uSIiMjFRoaKkk6
d+6c8vPzJUmHDh1SUVGRV9qH57Rr107169dXbGysJFX+jP/www/Kysqq5d4BAAAA8BVTBxyRkZH6
6KOPXL7OarUqJydHGRkZ2rdvn9atW6eVK1fWuD+9evXSM888o8DAwMpjjRs31h/+8AedOXNGa9as
qXEbVwpnnl1eXp5GjRqlnJwcj7YdFBSkWbNmKSIiwmG5W2+91WsBCzyjTZs2mjNnjvz8bJcTWrRo
kZ599tla6BUAAACA2nBVLjJqsVgUERGhhIQEjRs3Tq+++qqWLFmihx9+WNHR0W7XO2bMmCrhRgV/
f3/dfPPNNenyVSk0NFRjxozxeL2jR4+uNtyAOaSkpBiGG5I0cOBABQUF+bhHAAAAAGqLqUdweFJs
bKwmTJigm2++We+//77mzJnjch2RkZF2zzVs2LAm3fOaQYMGGR4/ceKEDh065OPe2Bo6dKhmz57t
0TpvvPFGj9aH2pOcnGz3XEREhEaPHs30MAAAAOAqQcBxmaioKD3++OPq2bOnXnjhBWVnZzt97cGD
BzVgwADDc3UhLDDy+uuvGx7/5JNP9Morr/i4N7YSExMVHx/vsa+fox1BYC5DhgxR06ZNHZa58cYb
CTgAAACAq8RVOUXFGcnJyZoxY0bl4pfOmDVrlo4cOWJz/MSJE3r33Xc92b2rhp+fn1JSUjxWX0pK
iuE0IpjPyJEjqy3To0cPtWjRwge9AQAAAFDbrtgRHBcvXtRLL71U5Zifn58aNmyoyMhIxcfHKykp
SQ0aNLBbR0JCgqZOnar777+/cmcNR3JycvTzn/9cv/jFL9SuXTtZLBYdPHhQs2bNcmkkCKpKTk7W
lClTPFLXkCFDPFIPald4eLj69etXbTl/f3+lpKRo+vTpPugVAAAAgNp0xQYc3377rRYtWuSwTFBQ
kG699Vbdc889dkdqdOzYUU8//bSeeuopp9rNzc3lZcrDmjVrpuTkZK1atapG9fTq1UutW7f2UK9Q
m8aOHVu5zW91rr/+en4mAQAAgKvAVT1FpaioSHPmzNHtt9+uDRs22C03fPhwp4bDw3s88fX3xo4s
qB1Dhw51umzLli3Vv39/L/YGAAAAQF1wVQccFXJycvTII49o3bp1huctFosmTpyogIArdsBLnVJa
WmpzrF+/fgoPD3e7zqCgIA0cONCptlC3tWvXTp06dbI5Xlpaqk2bNhleM3r0aG93CwAAAEAt4439
f0pKSvT8889r9uzZio2NtTnfvHlz/eQnP3G4fWxwcLAaNWpkeO7cuXNOreNhpEmTJho4cKDi4uIU
FRWlgIAAXbx4UZmZmTp8+LDWrl2rM2fOVFtPTEyMgoKCnGozNDRUzZs3r3KssLBQZ8+edeseXLFj
xw51797dpj9jxoxxe8vYkSNHKiIiwub47t27lZSU5FadjnjqmTkrLCxMffv2VUJCgho2bKiwsDBZ
LBbl5+fr5MmT2rdvnzZs2KCioiKPtVlbUlJS5Odnm83u2bNH8+fPV58+fWzO9e/fX/Xr13frZ7BR
o0YKDg62OX7+/Hnl5uZWfh4cHKzBgwcrISFBsbGxCgwMVFFRkU6dOqUdO3Zo/fr1KikpMU3bAAAA
gNkQcFwiMzNTb7/9tp577jnD86NHj3YYcCQnJ+vll182PDd58mTNmzfPpf4kJyfr7rvvVpcuXeTv
72+3XElJidLS0vTee+9p8+bNdstNnTpVHTt2dKrtUaNGadSoUVWOpaamauLEic51vgbWrFljE3BI
5dMS3A04hg0bZrctTwYcnn5m1RkxYoRSUlLUrVu3aneHyc3N1caNG/XRRx9p586dbrdZ2wYNGmR4
/JtvvtHy5cs1adIkRUZGVjkXHh6uMWPG6OOPP3a5vZdeekm9e/e2OT5z5kz9/e9/V0BAgB566CGl
pKQYhmgVTp8+rblz5+qdd94xRdsAAACA2TBF5TLz58/XyZMnDc+1b99eHTp08Hof4uLiNH360isR
nAAAIABJREFUdE2ZMkXdunVz+KIsSQEBAerdu7dmzJihl19+2eGLjhns2LFDp0+ftjmemJio+Ph4
l+tr2rSpYWCSnZ2t1NRUt/p4OV8/s8TERH344Yd6+eWX1bt3b6e2vg0LC9PQoUP13nvv6amnnnJ6
NE9dMnToUDVt2tTmeHFxsRYuXKiSkhK701RuvPFGj/YlMjJSHTp00OzZs3XPPfdU+wxjY2P1wAMP
aPbs2UpISDBt2wAAAEBdRcBh4OuvvzY8brFYXFrc0B1dunTR22+/rQEDBshisbh0rb+/v0aMGKG3
3npL0dHRXuqh94WGhmrNmjU2x/38/JSSkuJyfSkpKYYBwJo1azzyku/rZzZixAi98847hutQONvm
bbfdpqlTp5ou5BgxYoTh8UtDsaVLlxqWSUpKUqtWrTzWlxYtWmjKlClq27atS9dVbD/tTlhXF9oG
AAAA6ioCDgOOpgw4O8XDHUlJSZo2bZoaN25co3o6duyoadOmmXZR1ODgYM2dO1dWq9XmXHJyssv1
XX/99YbH58+fr5CQEJfru5Svn9n111+v559/3nBdBlf17dtXv//972tcj69ERESoX79+hudWr15d
+fGqVasMRwD5+/u7FZDZ079/f11zzTVuXRsbG6vXXntNYWFhpmsbAAAAqKsIOAxs2bLF7oJ8cXFx
XmkzLCxMzz77rMOh5qdOndKmTZu0YsUK7dixQ9nZ2XbLduzYUQ8++GCVY7t371ZqamqV/xy5vOy+
fftcuyk3hYSEKD09XXv37rU516xZM5dCjp49e6p169Y2xw8cOKC0tDSFhoa63U9fPLNLRUdHa9Kk
SapXr57h+YKCAq1cuVJvvvmmXnrpJb3xxhv64osvHLZ58803q2vXrnbP1yUpKSmGgVRhYaEWL15c
5dj69esN6xgyZIhX+iaVf/3T09OVmpqqvXv3Ovy6S+WjMBw9b7O0DQAAANQV5vwTv5fl5ubq5MmT
NruISPLa1I/HH3/c7vD5c+fO6Y033tCCBQuqHA8LC9P48eP1i1/8wnAKxs9+9jMtWrRIhw8fliS9
8sorNmXS0tIM2/zkk08My/tCxUvssmXLDKdhjBw5UqtWrXKqrjFjxhgeX7FihSTVaIqGL57Zpe66
6y67I0XS09P19NNPG17XtGlT/fnPf1ZiYqLNOX9/f91xxx3avn27Yb11ib3pYWlpacrKyqpybMmS
JYajNZo3b65BgwYZToFyV3Z2tv71r3/pv//9b5WdTYKCgnTrrbfq/vvvt7vF8S233KLPPvtM3333
nenaBgAAAOoaRnDYcenLwqUCAwPVsmVLj7YVFxenm266yfBcVlaWJk6caPOiXNHHmTNn6oUXXlBZ
WZnN+aCgIN1yyy0e7asvVIQO8+bNU15ens35fv362X1pu7yegQMH2hwvKirS3LlzJcntKSq18cwG
Dx5seDw7O1uPPPKIYbghSRkZGXrqqaeUk5NjeL5Hjx6Gx+uS9u3b210c0yjsSk1N1fHjxw3Ljx49
2mP9On36tB588EHNmjXL5ndGUVGR5syZowcffNDuiIqgoCCNHTvWdG0DAAAAdREBhx0FBQV2zznz
cu2Ku+++2+4uGK+++qoOHjzo8PrFixdr5cqVhue8vSiqN1SsL5GTk6MNGzbYnA8NDbU7MuNSN910
kxo2bGhzPDU1VWfOnKnSlqtq45kZjSiSpHXr1uns2bMO2ztx4oTh11KSGjVqpGbNmjm8vralpKTI
z8/211Vubq7N9JQK69atMzzet29fj60/8Ze//KXaqVvp6el67bXX7J63t+1tXW4bAAAAqIsIOOxw
FHB4YoHHS9lbBDM9PV1ffvmlU3XMmTPH8Hjjxo3VpUsXt/tWGy79+i5atMiwjDPBzfDhww2PX/o1
dXeKiq+fWXBwsN58801NnTrV5r/PP//cqfYchS5GW6/WJfZGr2zZskX5+fmG5+w9h7CwMI+NXLC3
49LlFi5caDeMaNmypdq1a2eqtgEAAIC6iDU47DDawaOCq1uBOtKrVy+7i1Q6u86EJG3fvl2nT59W
bGyszblu3bpp586dbvfR1y4NHdasWaPjx4/bjF5ITExUfHy8Dh06ZFhHkyZN1L17d5vjp06d0pIl
Syo/dyesqo1nVlhYqA8//NDlvl7K3hQVSTVabNXbhg0bpiZNmhieq1hLxcjOnTv13XffGS4yO3To
UM2ePdtjfXTG6tWr1aFDB8NzSUlJ2r9//xXZNgAAAOArjOCww1GI4Sj8cFXfvn3tnrM3hcGeU6dO
GR5v27atS/XUtstHVRh9Hfz8/Bxu+Tlu3DjDKSSXBxD2diRxxKzPzFehnaeNGDHC8Hh2draWL1/u
8Nq1a9caHk9MTFSbNm1q1K/qpgVd7tKtbC/n6vOuzbYBAACAuooRHHY4evG1NyTeHY62nU1ISLC7
sKIRey+pjrYxrYsuDzjmzp2ru+66S/7+/lWODx48WFOmTDGsw2gKSVlZWeXiohXcGcFR155ZQECA
OnfurI4dO6pVq1Zq0KCB6tevr6CgoCrrVhjtolLXRUZGqk+fPobnNm7cqKKiIofXL168WHfffbfN
19nPz0/jxo3T3/72N7f7dvHiRZfK79u3TwUFBYYL2xqN4qmrbQMAAAB1FQGHHY5213A01N9VjhYs
nTx5skfa8NSCir5yecBx9OhRbdu2TT179qxyvHnz5kpOTrYZldG9e3fFx8fb1Ltr1y6bofjurMFR
V55Z//79NXr0aPXp00eRkZEeabeuSUlJsfuz6Gh6SoX9+/fr22+/NZyeMXjw4BoFHO7IzMw0XCy2
fv36V3TbAAAAgC8wRcWO6Ohow+MXL17UsWPHPNaOL8IHd7dCrS1Go2eWLVtmWHbkyJE2x26++WbD
skZ1uBNw1PYza926taZNm6bp06drxIgRV2y4IUk33HCD4fGzZ89WOz2lwjfffGN4vGnTpnYXi/UW
e4sX+yJkqM22AQAAAF9gBIeBsLAwNWrUyPBcxfainuKLxR0vn9pR1xmFDgsWLNCvfvUrm6kbFVt+
5ubmSiqfrjFw4ECb6y9cuKAFCxbYHHdnDY7afGbdu3fXK6+8Yvf780riaLpPo0aN9PzzzztVj6NA
auTIkS6vm1ITxcXFhsfd+T40U9sAAACALxBwGOjXr58CAoy/NEeOHPFoW55csPRKYfTCVVRUpG++
+UajR4+ucrxiy8+KHTFGjRplOKJh/fr1lSHIpdwZwVFbz6x58+aaMmWKw/U5jh49qn379un48ePK
z8+vskZFz549lZyc7IuuekRKSorDxU/tjdRxRb9+/RQREaHs7Owa1+UMo4VvJdfX1DBb2wAAAIAv
EHAY6N+/v91zu3fv9mhbRi/dFWbNmuWRNlzdcaG22QuX5s2bZxNwSFW3/Bw+fLjhtQsXLjQ8fuki
nM6qrWc2adIku+HGgQMH9MYbb2jdunV267x48aKpAo5BgwZ5vY2QkBCNGzdOH3zwgdfbqmjPiKPv
qSuhbQAAAMAXCDguExQUpAEDBhies1qtdteCcJe9BUvPnDmj6dOne7Qts0tLS9OBAwdstrVMTExU
fHy88vLy1KNHD5vrjhw5ovXr13usH7XxzOLi4uwGb+np6XrggQeuqBfVESNGqHHjxj5pa+jQoT4L
OOxNLcrLy7ui2wYAAAB8gUVGLzN+/Hi7LwJ79uzRd99959H27K3pERMTY7gTyNXOaL0EPz8/paSk
KCUlxXAYvqfXWKiNZzZixAi763JMmzbtigo3JPsjcbzB1a19K9ib8mFPYmKi3W2JT5w4YZq2AQAA
gLqKgOMSLVu21Pjx4+2eN1qksqa2bdtm99yoUaM83p7Zff7551XWlagwePBgwx0xiouLNXfuXI/2
oTaeWcuWLQ2PZ2VlKTU11Stt1pbo6Gj17t3b7vlTp0659Z89FotFKSkpLvczJibGpfLXXXed3XN7
9+41TdsAAABAXcUUlf8JDw/Xn/70J7trHBw6dEiffvqpx9tdtWqVnnzyScN1J0aOHKn333/f5b/O
N2rUyHTrbjjrzJkz2rJli800oubNmxuW37p1q8f/Ql0bz6xhw4aGx+1t/WnELCOCxo4da3e9iDlz
5ujVV191q96IiAh9+eWXhiMZBg8erD//+c9u1euswYMHGx4vLS1VWlraFds2AAAA4CuM4JDUqlUr
vf322+rYsaPh+bKyMs2YMcMrbTv6C3xsbKwmTZrkUn2xsbGaOXOmXnnlFafK29sRxJ3dRXzliy++
cLrskiVLPN5+bT+zS8XExCg6OrracsHBwbrjjjtcrr823HDDDYbHrVarFi9e7Ha92dnZ2rp1q+G5
2NhYjRgxwuU6b7rpJqfKjRkzRu3atTM8t2fPHp0+fdpUbQMAAAB10VUdcMTExOjhhx/WrFmzHM7B
//zzz/X11197rR///Oc/7QYNY8aM0WOPPeZUPUlJSZoxY4Zat26tYcOG6dVXX7W7I0kFe1tE2hsR
URcsWbLEqZeyzMzMGr0QO+LrZ2Zv3Y/AwEBNmDDBYRthYWH629/+5rCMvfU9fK1Tp07q0KGD4bmD
Bw/WeDrF6tWr7Z5zJ+B47LHHlJSU5LBM+/btHX4/rFq1yuV2a7ttAAAAoC66YgOOxMRE3X333VX+
mzBhgh588EE9++yzmjVrlhYtWqQJEyYoPDzcbj2bNm3SX//6V6/2dfPmzVqzZo3d8+PHj9cHH3xg
d3eXTp066amnntLMmTPVunXryuPXX3+9pkyZ4nA0xvnz5w2Pd+3atU7/xd/Ri2qFNWvWqKSkxCvt
+/qZOZpGcOedd+rXv/61zTUBAQEaO3as5syZY7cfFerKiJ2xY8fKYrEYnnO0Ba6zFi9ebHf6UO/e
ve0uMGxPdHS0pk2bpnvvvdfm90hAQIBuu+02zZw50+7Ut3Pnzrm9Rkxttg0AAADURVf0GhyPPvpo
ja5PTU3VpEmTvPaSfKmXXnpJ8fHxdkdOdOnSRdOnT9fp06eVkZGhvLw8hYWFKTo6Ws2aNbP7UpiQ
kKBGjRrZXYfiyJEjhttx+vv764knntBvfvMbnTlzRvXq1ZNUdxY+nTt3rm699Vb5+RlndFarVfPm
zfNqH3z5zL788ktNnDhRsbGxNuX9/f31y1/+UrfeeqsOHDig/Px8NWzYUC1atFBkZKRT92LvJdjX
Bg0aZHi8rKxMixYtqnH9+fn52rx5s4YMGWJzLjg4WGPHjtV7773nUp3h4eF66KGHdM899ygjI0NZ
WVkKDg5W8+bNq50+NGvWLGVnZ7vUXl1pGwAAAKhrruiAw11lZWWaP3++/vrXvxru2OENmZmZeu65
5/Taa685fNmMjY01fMk1kpubqxdeeMHhIpvr1q1Tnz597J6vX79+5Q4e586dc6pdX9i3b5/27t2r
zp072z2/a9cur/bBl8+sqKhIb7/9tp555hm7oU5ERIR69uzp/A1cokmTJm5d50kjRoyw+3Xat2+f
x7ZoXrFihWHAIZWv/+FqwFEhLCzM7loXRrZs2aLZs2e71VZdahsAAACoK67YKSruOnr0qP7whz/o
xRdf9Fm4UWHbtm2aOHGijh49WuO6zp07p8cff7zaYf2ffvqp0y+O9kYc1JZly5bZPbd8+XKf9MGX
z2z+/Pn64IMP3K7/q6++UmlpqeG5Nm3auF2vpzhaNNPRdCBXLV261O7Ihfbt26tLly5O1ZOTk6OM
jAy3+nDgwAE98cQTbl1b220DAAAAdRUBh8pHbKSnp+uVV17R7bff7rOXYyPffvut7rvvPs2dO9et
gMVqtWr16tUaP3683Z0+LlVYWKjnnnvOqaHqdS3gmD9/vvLy8myOFxQU6PPPP/dZP3z5zN58801N
nz5d+fn5TtdfUlKi999/X08++aSOHz9uWCYhIaFW1+GIjo5Wr169DM+Vlpa6tHNOdUpKSrRx40bD
cxaLRWPHjnWqntzcXD322GMuL3y6bt06PfLII8rKynLpurrSNgAAAFBXXVVTVKxWq4qLi1VQUKCz
Z8/q2LFj2rt3r1atWqWDBw/WdvcqZWZm6sUXX9Ts2bN1zz33aMCAAYqKinJ4TU5OjjZv3qx///vf
DhekNLJnzx5NmDBBkyZNUp8+fezuqFFWVuZSvd6Wk5OjDRs2aOjQoVWOr1+/3udrC/jymc2aNUvr
16/X/fffr/79+9sNJoqLi5Wamqp3331XO3fulCRt3bq1csrRpSIiIjRkyBCvbKvrjJSUFAUHBxue
27Vrl8NpVu5YunSphg8fbnhu0KBBCggIcGrtnf3792v8+PG69957NXr0aMOvbYWjR4/q3//+tz75
5BO3+11X2gYAAADqIktUVJTxXpeoU7p27apOnTqpSZMmCg0NldVq1YULF5STk6O9e/fa/Yu0q5o0
aaIhQ4aocePGatiwoUpLS5WTk6MjR45o/fr1drcrhS1fPLPw8HANHDhQ8fHxleuA5OTk6Pjx41q5
ciV/qfeAmTNnqnfv3jbHMzIyNHr06CrHkpKS1LVrV0VFRSkiIkIXL17UyZMntXXrVu3YscNUbQMA
AABmQ8ABAA64EjJcSW0DAAAAZsMaHAAAAAAAwPQIOAAAAAAAgOkRcAAAAAAAANMj4AAAAAAAAKZH
wAEAAAAAAEyPgAMAAAAAAJgeAQcAAAAAADA9Ag4AAAAAAGB6BBwAAAAAAMD0LFFRUdba7gQA1FUd
O3ZUZGSkzfGCggKlpaVdsW0DAAAAZkPAAQAAAAAATI8pKgAAAAAAwPQIOAAAAAAAgOkRcAAAAAAA
ANMj4AAAAAAAAKZHwAEAAAAAAEyPgAMAAAAAAJgeAQcAAAAAADA9Ag4AAAAAAGB6BBwAAAAAAMD0
CDgAAAAAAIDpEXAAAAAAAADTI+AAAAAAAACmR8ABAAAAAABMj4ADAAAAAACYHgEHAAAAAAAwPQIO
AAAAAABgegQcAAAAAADA9Ag4AAAAAACA6RFwAAAAAAAA0yPgAAAAAAAApkfAAQAAAAAATI+AAwAA
AAAAmB4BBwAAAAAAMD0CDgAAAAAAYHoEHAAAAAAAwPQIOAAAAAAAgOkRcAAAAAAAANMj4AAAAAAA
AKZHwAEAAAAAAEyPgAMAAAAAAJgeAQcAAAAAADA9Ag4AAAAAAGB6BBwAAAAAAMD0CDgAAAAAAIDp
EXAAAAAAAADTI+AAAAAAAACmR8ABAAAAAABMj4ADAAAAAACYHgEHAAAAAAAwPQIOAAAAAABgegQc
AAAAAADA9Ag4AAAAAACA6VmsVqu1tjsBAAAAAABQE4zgAAAAAAAApkfAAQAAAAAATI+AAwAAAAAA
mB4BBwAAAAAAMD0CDgAAAAAAYHoEHAAAAAAAwPQIOAAAAAAAgOkRcAAAAAAAANMj4AAAAAAAAKZH
wAEAAAAAAEyPgAMAAAAAAJgeAQcAAAAAADA9Ag4AAAAAAGB6BBwAAAAAAMD0CDgAAAAAAIDpEXAA
AAAAAADTI+AAAAAAAACmR8ABAAAAAABMj4ADAAAAAACYHgEHAAAAAAAwPQIOAAAAAABgegQcAAAA
AADA9Ag4AAAAAACA6RFwAAAAAAAA0yPgAAAAAAAApkfAAQAAAAAATI+AAwAAAAAAmB4BBwAAAAAA
MD0CDgAAAAAAYHoEHAAAAAAAwPQIOAAAAAAAgOkRcAAAAAAAANMj4AAAAAAAAKZHwAEAAAAAAEyP
gAMAAAAAAJgeAQcAAAAAADA9Ag4AAAAAAGB6BBwAAAAAAMD0CDgAAAAAAIDpEXAAAAAAAADTI+AA
AAAAAACmR8ABAAAAAABMj4ADAAAAAACYHgEHAAAAAAAwPQIOAAAAAABgegQcAAAAAADA9Ag4AAAA
AACA6RFwAAAAAAAA0yPgAAAAAAAApkfAAQAAAAAATI+AAwAAAAAAmB4BBwAAAAAAMD0CDgAAAAAA
YHoEHAAAAAAAwPQIOAAAAAAAgOkRcAAAAAAAANMj4AAAAAAAAKZHwAEAAAAAAEyPgAMAAAAAAJge
AQcAAAAAADA9Ag4AAAAAAGB6BBwAAAAAAMD0CDgAAAAAAIDpEXAAAAAAAADTI+AAAAAAAACmR8AB
AAAAAABMj4ADAAAAAACYHgEHAAAAAAAwPQIOAAAAAABgegQcAAAAAADA9Ag4AAAAAACA6RFwAAAA
AAAA0yPgAAAAAAAApkfAAQAAAAAATI+AAwAAAAAAmB4BBwAAAAAAMD0CDgAAAAAAYHoEHAAAAAAA
wPQIOAAAAAAAgOkRcAAAAAAAANMj4AAAAAAAAKZHwAEAAAAAAEyPgAMAAAAAAJgeAQcAAAAAADA9
Ag4AAAAAAGB6BBwAAAAAAMD0CDgAAAAAAIDpEXAAAAAAAADTI+AAAAAAAACmR8ABAAAAAABMj4AD
AAAAAACYHgEHAAAAAAAwPQIOAAAAAABgegQcAAAAAADA9Ag4AAAAAACA6RFwAAAAAAAA0yPgAAAA
AAAApkfAAQAAAAAATI+AAwAAAAAAmB4BBwAAAAAAMD0CDgAAAAAAYHoEHAAAAAAAwPQIOAAAAAAA
gOkRcAAAAAAAANMj4AAAAAAAAKZHwAEAAAAAAEyPgAMAAAAAAJgeAQcAAAAAADA9Ag4AAAAAAGB6
BBwAAAAAAMD0CDgAAAAAAIDpEXAAAAAAAADTI+AAAAAAAACmR8ABAAAAAABMj4ADAAAAAACYHgEH
AAAAAAAwPQIOAAAAAABgegQcAAAAAADA9Ag4AAAAAACA6RFwAAAAAAAA0yPgAAAAAAAAphdQ2x0A
zGjt2rVKT0+vttyQIUPUpk0bH/QIAAAAAK5uBByAG5YuXaoXX3yx2nKLFy8m4AAAAAAAH2CKCgAA
AAAAMD0CDgAAAAAAYHqmnqKSkZGhCxcuVFuuYcOGaty4sQ96ZOzIkSMqKiqyez4oKEhxcXE+7NGP
Ll68qMOHDztVNi4uTkFBQV7uEQAAAAAArjN1wPHJJ5/o0Ucfrbbc+PHj9eGHH/qgR7YKCgrUtWtX
ZWdn2y0TExOjY8eO1Up4sGXLFg0YMKDacoGBgcrMzCTgAAAAAADUSaaeotKzZ0+nyi1btkwlJSVe
7o2xrVu3Ogw3JOnMmTPasWOHj3pU1bZt25wqN3ToUDVo0MDLvQEAAAAAwD2mDjiSkpIUGBhYbblT
p07pwIEDPuiRrdWrVztVbu3atV7uibGNGzc6VS45OdnLPQEAAAAAwH2mDjgaNGigG264wamytTVC
YuHChU6V++qrr7zcE1ulpaVasWKFU2V79erl5d4AAAAAAOA+UwcckvMjC1JTU73cE1tHjx7Vpk2b
nCq7dOlSnTlzxss9qurgwYP64YcfnCrbtWtXL/cGAAAAAAD3mT7gcHZkwfLly73cE1vr1693qbyz
YYin7Ny506lyycnJioyM9HJvAAAAAABwn+kDjm7dujlVbteuXcrIyPByb6pyNVRxdr0OT9myZYtT
5Vh/AwAAAABQ15k+4IiMjNSgQYOcKuvsiAVPKCws1Ny5c126Zt68ebJarV7qka2vv/7aqXK9e/f2
ck8AAAAAAKgZ0wccknT99dc7VW7r1q1e7knVtrKysly65uDBg9q3b5+XelTV2bNntXnzZqfKOjtK
BgAAAACA2nJFBBx9+vRxqtw333zj5Z7UvC1X1+1w165du5wq17NnTzVp0sTLvQEAAAAAoGauiIDD
2REGK1euVG5urpd7U27BggVuXeerxVDT0tKcKnfjjTd6uScAAAAAANTcFRFwNG7c2KlRHMXFxdq9
e7fX+3Ps2DFt2LDBrWsXLFjgkxDG2ZEizo6OAQAAAACgNl0RAYck3XDDDU6V27Ztm5d7Iq1bt87t
a/Pz872+VsjFixe1YsUKp8qy/gYAAAAAwAyumIDD2ZEG7o6scIWz4YE93l4rZN++fcrOzq62XMeO
HXXttdd6tS8AAAAAAHjCFRNwODvSYOnSpSopKfFaP4qKilzeHvZyX3zxhYd6Y2zHjh1OlRs+fLhX
+wEAAAAAgKdcMQFHixYt1Llz52rLnTp1SgcOHPBaP7Zt26bMzEyHZcaMGePw/MaNG3Xs2DFPdqsK
Z7eHZf0NAAAAAIBZXDEBhyQNGzbMqXLOjmBwx5o1a6otc99991VbZuPGjZ7ojiFnp9B0797da30A
AAAAAMCTrqiAo2/fvk6VS01N9VofFi1aVG2ZIUOGqGPHjg7LfP31157qUhUnTpzQ3r17qy0XFxen
Nm3aeKUPAAAAAAB4WkBtd8CTnF2HY/ny5V5p//jx49UuEDpw4EA1aNBAgwcPdhg0zJs3T2+88YYC
Ajz7iHbu3OlUuREjRshisXi0bXfk5+frwoULKigoUL169RQSEqL69esrKCiotrtmSsXFxcrPz1dh
YaEKCgrk5+enoKAghYaGKiwsrLa751H5+fkqKChQQUGBSkpKFBQUpJCQEIWGhiowMLC2u+czRUVF
ys3NVWFhoYqLixUSEqKQkBA1aNDA5z/jJSUlysvLq/weDAwMVFBQkBo2bHhFPRN+bwEAANSOKyrg
iI+PV3x8vA4dOuSw3K5du5SRkaGmTZt6tH1ndmjp37+/pOrDmB9++EG7du3y+Datzm6T269fP4+2
64zTp09rw4YN2r59uzZt2qS1a9fqwoULhmUTExPVqVMnderUSX369FG3bt3UqFEjH/e4bsvMzNS2
bdu0efNmpaenKz09XTt27FBxcbFh+WuvvVadOnVS9+7d1a1bN/Xu3VstWrTwca/dc/z4caWlpSk1
NbXyPu39HggMDFTXrl2VkJCgLl26qFevXkpKSlJERISPe10uPz9f+fn5Dsv4+fkpKiqq2roKCgoq
n/nmzZu1Z88ebd++3bBsTExM5b0PGDBA/fr1c6oNVxw4cEBr1qzRzp07K/tVWFhoWDYhIaHye69P
nz7q2bOngoODPdqf/2fvvsOjqNYHjr+UhRAIMUakRQQpESQUAUGaFCEISJMqIAqXImIeHhecAAAg
AElEQVTDKyJeVBQVUIriFURBkB9ipRMQFBBEivQOUgKEGkpCICTZJPP7gyd7sym7Z7Mzuzub7+d5
9nmyybvnvDOzezLz7swcIzBuAQAA+BDNzwwfPlwTEaePVatW6d730KFDnfa7cOFCTdM0bcuWLU5j
p0+frnuOTzzxhNL6OXDggO595yQpKUlbvny51r9/f81isSjlltujV69e2pIlS7TExETD8x47dqxS
TlFRUYbnkllcXJz2008/aZ07d3ZrXWY8WrVqpX3zzTdaXFycR5dDxeXLl7W5c+dqLVu2dHs5AwIC
tGeffVaLioryyPsns+nTpzvNr0KFCg7b2Llzp/bGG29opUuXzvM6sFgs2jPPPKNt2rRJS09Pz/Py
xMXFabNmzdIaNGjg1jYJDQ3VxowZox08eDDPuRjFrOMWAACAv/O7Asf8+fOVdirHjx+va79JSUlK
BxdHjx7VNE3TEhIStMDAQIexHTt21DXHW7duaQEBAU5zLF26tGa1WnXtOyur1ar99NNPWkREhC4H
4pkf4eHh2nfffaclJycblr+vFTji4uK0adOmaaVKldJ9fWYcbE6aNMknCh0XL17Uxo0bpwUFBRmy
rOHh4dq8efM8dsCpUuAIDAzM8bV79uzRevfurfs6aNu2rbZ3716XliMxMVGbOnWqW0WW3B4vvPCC
FhMTo8fqdovZxy0AAAB/53cFjoMHDyrtTEZGRura79atW532Wbt2bbtvRp0dmFgsFu3atWu65bh9
+3aldTNgwADd+szJ1q1btYYNGxpycJr50apVK+3YsWOGLIMvFTiWLl2qVahQwfD1KSJapUqVtJUr
Vxq+TDmxWq3aV199pYWEhHhkWSMiIrQ//vjD8OVSKXCIiJaSkmJ7za1bt7Tx48cbuvwWi0X75JNP
lM7m2Lx5s1a/fn1D8ylbtqy2dOlSIzeFQ/4wbgEAAPg7v5pFRUQkPDxcypcv7zRu3bp1cvPmTd36
VZketmvXrnY39WvTpo3DeKvVKtu2bXM7twy5XYufVZMmTXTrM7Pk5GSZNGmSNGrUSNflys26deuk
YcOGsnTpUsP78oabN2/KSy+9JJ07d5YzZ854pM9Tp05Jhw4d5N///neu91IwwtmzZ+Wpp56SwYMH
y/Xr1z3S5/79++Wxxx6TUaNGye3btz3SpyMZ6zsmJkY6dOgg//nPfwztz2q1yr///W8ZOXKkpKSk
5BiTnp4un3/+uTRp0kR27NhhaD4XLlyQzp07y9SpU0XTNEP7yoxxCwAAwDz8rsBRqFAhiYyMdBpn
tVrlwIEDuvUbFRXlNKZly5Z2z1UKCSqFE1Wq0+PWq1dPtz4zXLlyRbp06SJvvPGG7m07cv36denS
pYvMnz/fo/0a7dq1a9KzZ0+ZPn26V/qfPHmy9OnTxyPFhj179kirVq1k2bJlhveVk48//li6d+8u
ly9f9kr/GZKSkuTgwYPSsmVL2bBhg8f6nTZtmrzzzjvZfp+SkiIvvPCCvPjiix7LRURk5MiR8sUX
X3ikL8YtAAAAc/G7AofI/2YqcUZ1RhFnzp8/7/SAIyQkRBo0aGD3u2rVqkmNGjUcvm7p0qW6fFup
aZrS9LjBwcHy0EMPud1fZhcuXJAuXbrI6tWrdW3XFc8884wsWbLEa/3r6erVq9KpUydZtWqVV/NY
smSJ9OrVS+Lj4w3rY9OmTdKiRQs5fvy4YX2oiIqKkrZt28q5c+e8lsPevXvlySef9Mq6mDBhgnz/
/fe25ykpKTJixAiZOXOmx3MRERkxYoSsX7/e0D4YtwAAAMzHLwscqmcgqEzrqlc73bp1k2LFitn9
rkCBAtK1a1eHrzt06JAuBzSnTp2S6Ohop3GRkZFStGhRt/vLkHE6/ebNm91qJygoyO1cnn32Wdm/
f7/b7XhTcnKyDB482O31KSK6TMG5du1aeeaZZyQ5OdnttrLauXOndO3aVZcCih7vn71790rXrl3l
0qVLbreVFz179pRTp055pW+RO0WFjGUfM2aMfPXVV17LRUTk+eefN6y4xrgFAABgToW9nYARatSo
ISEhIU5Pn1+zZo2kpqZK4cLurYbff//daUxu99t47LHH5IMPPnD42i1btkjVqlXzlFsG1R3kZs2a
udVPZrdu3ZIBAwa4fKZM69atpWfPnlKvXj25//775e6775aCBQtKWlqa3LhxQ86fPy8HDx6U9evX
y7fffiuJiYlK7cbHx8uQIUNk3bp12YpNZjFu3DhZvHixS68JCAiQp59+Who3bix169aV8uXLS4kS
JSQwMFBSU1MlPj5erl69Knv27JENGzbIL7/8IrGxscrtL1u2TMaNGycffvihq4uTq+joaOncubNc
vXrVpddVrlxZevToIc2bN5cHHnhAypcvL4GBgVKwYEGxWq0SHx8vZ86ckYMHD8ratWvlp59+cule
In///bf07dtXli9f7vH3kLPxrEKFCtKtWzd56KGHpEqVKlKyZEkpXry4pKSkSEJCgly7dk327dsn
mzdvVrqkLqurV6/KlClTpFatWjJ58mSn8SEhIdKxY0dp0aKF3HfffXLXXXdJyZIlJTk5WRISEuTq
1aty4MAB2b59e57uN3H06FGZM2eOvPrqqy6/1hHGLQAAABPz8k1ODdOnTx+lO9YfPnzYrX5SUlK0
smXLOu0ntykO4+LinE7d2r9/f7dy1DRN+89//qO0PrZs2eJ2X5qmaenp6drw4cNdmj2gW7du2o4d
O1zqJzY2Vhs/frzS9LcZj08++cTt5fPGLCrr1q1zaX0GBwdrH3/8sXbu3DmX+rl27Zo2ceJEl2cr
WbVqlS7LmZiYqLVs2dKlvuvWrastWrRIS0pKcqmvCxcuaJMmTXJ5ytnXXntNl2XVNPVZVHJ79OjR
Q9u0aZPdLCvOREdHax999JEWGhrqcn/OpreuXr26Nn/+fJem2Y2JidGmT5+ulS9f3qVcSpcurcXH
x+dltefI38ctAAAAf+e3BY7//ve/SjuNCxcudKsflalXW7Ro4bCNbt26OT1QdeVgISfNmzd3mmdA
QIB28+ZNt/rJMGfOHOUd96CgIG3BggVK01HmZufOnVp4eLhSfwEBAdrp06fdWj5PFzji4uK06tWr
K6/TFi1aaEeOHHGrz9OnTyu9bzIe4eHhWlxcnNvLOmbMGJcOMN977z3t1q1bbvV58uRJrX379i71
u2jRIreXVdPyXuCoUqWKtn79erf6PnXqlNapU6c89Z/T480333RrrLp48aI2bNgwl/r86aef3FoH
mfn7uAUAAODv/LbAsW3bNqWdxldffdWtfiZPnuy0j8mTJzts48svv3TaxubNm/OcY1xcnNK6ePLJ
J/PcR2YxMTHK3wyHhYVpO3fu1KXfY8eOaRUqVFDqd+TIkW715ekCxwcffKB84NW9e3e3D/gz3Lhx
Q+vXr59y31OmTHGrP9XPrYhoFotF+/nnn3VZTk3TtNu3b2svvviicv8VK1bUYmNj3e43LwWONm3a
aJcuXdJhqTXNarVqzzzzjMs5ZH3MmTNHl3zS09O1cePGKffbq1cvXfrND+MWAACAv/PbAkdiYqLT
U6lFRIuIiHCrn1atWjntw9npywcOHHDaxsSJE/Oc46ZNm5R2nj/++OM895HZwIEDlfoLCgrSdu/e
rUufGVatWqV8cHzq1Kk89+PJAsepU6eU3ssiorVv315LSEhwu8/Mbt68qbVu3Vqp/9KlS2vXrl3L
Uz/JyclakyZNlA9sf/jhB12XU9PuHOwPHjxYOYdXXnnF7T5dLXC0aNEiz+s4NwkJCcrbOKfH1KlT
dc3HarVqTz75pFLfgYGBupx5lh/GLQAAAH/nl7OoiIgUK1ZMIiMjncbt379fzp8/n6c+Ll68KOvW
rXMYExYWJrVr13YYU716dalWrZrDmJUrV7qcX4Y9e/YoxWWdxjYv1q9fL3PmzFGK/fLLL6VOnTpu
95lZu3btpG/fvk7jrFarLFy4UNe+jfLf//5X6YaEYWFh8tVXX0mJEiV07b948eIyb948qVixotPY
S5cu5fm9umjRIuVZK8aOHSs9e/bMUz+OFC5cWKZOnSqPPvqoUvy0adPkyJEjuueRm9DQUJkzZ46E
hITo2m6JEiXk3XffzdNrn332WXnppZd0zadw4cIyduxYpdjExES3Zxlh3AIAAPAPflvgEBFp3ry5
Uty+ffvy1P5ff/3lNKZ79+5OZ2kpWLCgdO7c2WHMxo0b5cKFCy7ll0F1OlxnhRgVU6dOVYp76aWX
pE+fPm73l5NRo0YpxX3xxRdy+/ZtQ3LQy8WLF+WLL75Qip0xY4aUK1fOkDzKly8v48ePV4r99ttv
XW4/OTlZJkyYoBTbsGFDefPNN13uQ1Xx4sVl1qxZYrFYlOKnTJliWC5Zffrpp1KpUiVD2m7SpIm0
b9/epdcEBwfL+++/LwUL6v+vpH79+tK0aVOl2GPHjrnVF+MWAACAf/DrAkf9+vWV4nbu3Jmn9tev
X+80pnXr1kpttWzZ0mnM1q1bldrKLDU1VWka21atWsldd93lcvuZ7dq1S5YvX+40LigoSN544w23
+nKkVq1aMnDgQKdxMTExSkUqb1q4cKHS2Rvt27eXDh06GJpLz549pUmTJk7j1q5dKxcvXnSp7dWr
V8vevXuVYidMmGD4dJk1a9aU0aNHK8V+9dVXEh0dbWg+InfGsx49ehjWfoECBVw+K+Y///mPhIWF
GZaPs8JvhqNHj+a5H8YtAAAA/+HXBY7atWsrfQu7adMml9tOTU2VxYsXO4yxWCzSuHFjpfYaNWrk
NNcNGzYo55fh+PHjcunSJadxKgUWZ7766iuluNdff92wMw0y9OvXTylu1apVhubhjvT0dJk3b55S
7JgxY6RAgQKG5mOxWGTIkCFKsdu3b3ep7blz5yrFde/eXVq0aOFS23n10ksvKV8K8uOPPxqcjciw
YcOkSJEihvZRt25dl+J79eplUCZ3qF4KcubMmTz3wbgFAADgP/y6wBEUFKR0BsW6devk5s2bLrW9
d+9eOXfunMOY9u3by913363UXkhIiNN7hixbtkzS0tKUcxQR5W/FH3nkEZfazer69esye/Zsp3Gu
HCS7o2nTpk7vayIi8tNPP0l6errh+eTFzp07lbZfvXr1lAtp7mrbtq1S3MGDB5XbPHnypCxZskQp
9tVXX1Vu11333HOPvP7660qxM2fOlNTUVEPzMfqsFZE79wMKDAxUiu3SpYvcd999huajejlOTExM
ntpn3AIAAPAvfl3gEBGlb3utVqscOHDApXZVzvpw9Xr2du3aOfx7dHS0SweOIiI7duxQinP3pnl/
/fWXWK1Wp3Hdu3eX0qVLu9WXCovFIk8//bTTuDNnzsjx48cNzycvVC6BErlzk0ejz97IUKZMGWnT
po3TOFc+TyqXUIncuUeE6s0/9aLyHhIROXXqlPLNfH2ZxWKR+++/Xyn28ccfNzibO0UmFXm9UTTj
FgAAgH/x+wKH6swgu3fvdqndqKgopzHNmjVzqU2VG+q5eu21ymUtjRo1knvvvdeldrNSPUjt1KmT
W/24omHDhkpxrm57T1m9erVSXKtWrQzOxF7NmjWdxpw+fVq5PdXlHDRokMcKORnuv/9+5cswVAtS
vk71QL569eoGZ3Lnhq8qEhIS8tQ+4xYAAIB/8fsCh+qZCaozjYiIXL58WdauXeswpkaNGvLggw8q
tyly58DR2VSca9asUW7v8uXLSmdwqN4INTepqanyyy+/KMXqca8PVar3Ezh06JDBmbjuypUrSgfM
FSpUkPDwcA9k9D/16tWTZs2aOXyo3rsiISFBqVgo4vlCToYuXbooxf32228GZ+IZqmdNVKhQweBM
7kwXGxAQ4DTu+vXrLrfNuAUAAOB/HM9f6gfuvvtuad68uWzcuNFh3Jo1ayQ1NdXplK4iasWQbt26
ufxtc6FChaRLly4ybdq0XGNWrVol8fHxEhwc7LS9/fv3K/Wr+o1hbqKjo5Vu8le/fn2PnOadoXTp
0lK5cmU5ceKEw7jDhw97KCN1qtNetmvXTgoVKmRwNvb69u0rffv21aWto0ePSlJSktO4Jk2aKF86
oTfV6aY3btwot2/f9si9MoykOj2uylipB5UpaFXeQ1kxbgEAAPgfvz+DQ0Ttm99Lly4pX9O8bt06
XfrMibNvCpOSkpTvq6F6CrOrMydkpTpFpruFlLxQOY1+165dHsjENarTXkZERBicibFUD9LcPcvI
HeXKlVM6EywpKcmt6UrhWYxbAAAA/idfFDhUZwhRuUlgamqqLFq0yGFMUFCQ8r0/slK5iaKzs1Ey
qNyvIyIiQsLCwpTay83JkyeV4lTu3aC3Bx54wGnMiRMnJDk52QPZqFMttnn68hS9HTlyRCnO3SKc
u1TP4jh16pTBmUAvjFsAAAD+x+8vURFRPzj6+++/pXfv3g5j9u/f73RKwi5dukiJEiWU88usVKlS
0rZtW4f32li+fLmMGzfOYTvJyclKZ5qoTvvpiOrlFLGxsbJq1Sq3+3PFpUuXlOKuX78uZcqUMTgb
dWfPnlWKK1++vMGZGEv1ZqQqB3xGUr2fjrOpo+E7GLcAAAD8T74ocJQpU0YaNGggf//9t8M4lTvq
//nnn05jIiMjlXPLyRNPPOGwwLF79245deqUVKpUKdeYI0eOSHx8vNO+GjVqlKccM1P91vrtt992
uy+jxMfH+9SBguqBv7uz33ib6mUC3i7kOLv5bwbVwhS8j3ELAADA/+SLS1RERB5//HGnMXv37pXz
5887jFGZ8UFluldHVKaXdXaj07179yr1pcep/yqFFF/na6d6q36De9dddxmcibFULhMICAjw+nKG
hoYqxV27ds3gTKAXxi0AAAD/k28KHKo3itu3b1+uf7ty5YqsXr3a4esfffRRt2d7qFWrltNvrJ1d
frJ9+3an/VSuXFmXU//j4uLcbsPbUlJSvJ2CnRs3bjiNCQoK8thMFka5cuWK05iwsDCPzxSTlWqB
RWW7wTcwbgEAAPiffFPgUD1TYefOnbn+TeWmnV26dFHOKTcWi0U6d+7sMGbJkiUOv71Tuf9Gu3bt
XJ7KNidXr151uw1vS01N9XYKdq5fv+40JiQkxAOZGCclJUWsVqvTuLzez0ZPRYoUUYqjwGEejFsA
AAD+J98UOCpUqKB0N/xNmzbl+rf169c7ff1jjz3mUl65cTbN7NWrV3O9DCUmJkZp+k2VGVtUXL58
WZd2vEnTNG+nYCcpKclpjLfPanCXSnFD5M4lKt6mWuDgG3XzYNwCAADwP/mmwCEi0qZNG6cx69at
k5s3b2b7fVpamixZssTha8uWLavbdJaNGzd2GpPbDU/379+v1MfDDz/sUk65SUxM1KUdwOz0OCMK
nsG4BQAA4H/yVYFDZcYQq9UqBw4cyPb7AwcOOJ3xoVu3bsrf9DpTtmxZad68ucOY3O4H4ugym8zt
V6tWLU+5wXiBgYFOY1TPgPBVFotFKU7lbBajqZ6ZobLdAAAAABjD3HcodJHqGQu7d+/OVgxxdOlK
BpWZWlzRsWNH2bhxY65/X7t2rcTGxkqpUqXsfq8yle0TTzyh2yUOQUFBkpCQ4DRu4MCBuvRnBG/P
0pFVSEiI02+YzT5jR5EiRcRisTgt1OR0RpWnqc5WUbx4cYMzgV4YtwAAAPxPvipwVK5cWSpVqiSn
Tp1yGLdlyxZ5/vnn7X63atUqp+03adLErfyyUpkudtu2bdKxY0fb81u3bskff/zh9HUql8CoCgkJ
UTpQmDlzpvK39vldyZIl5dy5cw5jEhMTJTU11dQzqdx7771Ol/P06dOSlpbm1XuOqNz0VYQCh5kw
bgEAAPiffHWJSoECBaRdu3ZO43777Te7m7ddvXpVoqKiHL6mffv22c6kcFfdunWdtpm1mHHs2DGl
U/rr1avnVm6Zqc7m4QvfxJtF2bJlleJUD7x9VaVKlZzGWK1Wr0/pqTKdrYhImTJlDM4EemHcAgAA
8D/5qsAhojZzyIULFyQ2Ntb2fPv27U5f06FDB7fyyknRokWdTju7bNkyu2LMyZMnnbYbEhIiNWrU
cDu/DKoHdZcuXdKtT39XoUIFpbjM71MzUilwiIjTszyMdvr0aaW4cuXKGZwJ9MK4BQAA4H/yXYFD
9cyFs2fP2n7++++/ncY7uyFoXjmbLvbYsWN2B18nTpxw2ma7du10uxmqiPpBauZ1Csfuu+8+pThv
H/i76/7771eKUyncGenIkSNKcRQ4zINxCwAAwP/kuwJHtWrVpHz58k7jMs+Y4uhGnxlt6nlGRGYq
9/XYt2+f7eejR486jW/atKlbOWWlerZBTrPTIGdVq1ZVilPZ3r6sevXqSnG7d+82OBPHVO5rI6K+
3eB9jFsAAAD+J98VOAoXLiyRkZFO4zJuRHrjxg2nBY6nnnpKChY0ZlXed999Ti+ryXyGyd69e522
Wb9+fbfzyiw8PFwpTmV2F9yhuk7NfvClWuD4/fffDc4kd2fPnpX9+/c7jQsMDJQqVap4ICPogXEL
AADA/+S7AoeI2gwi//zzj4iI7N+/3+k0li1bttQlr9xkniUlJxs2bBARkdu3b8vOnTsdxgYGBkpE
RIRuuYmIPPTQQ0pxy5cvN/1NMT1F9eDr119/lfT0dIOzMU61atUkMDDQadzmzZuV74OhN9UD3BYt
WkjRokUNzgZ6YdwCAADwP+adX9INKvfhyPjG1tmp8YGBgdKwYUNd8sqNs/t7/Pnnn3L9+nW5fPmy
07batm0rxYoV0ys1Ebkz/W6pUqWc3vDSarXKunXr5KmnntK1f38UHBwsTzzxhNPpiaOjo+XYsWPy
4IMPeigzkePHj9sKgLkpVKiQtG3b1mlbxYsXl06dOsn333/vNHbdunXy3HPPKeeplyVLlijFqczQ
BN/BuAUAAOB/8uUZHDVq1HA6ReDu3bslJSVFNm/e7DCuc+fOUrJkST3Ty6ZevXoSHBzsMGbfvn12
9w3JTbNmzfRKy6Zw4cLSo0cPpdg5c+bo3r+/UikQiNw58Pekb7/9Vtq3b+/wMXr0aOX2VAsDs2fP
tpsxyBOio6Plxx9/VIo14rMF4zBuAQAA+J98WeAoUqSI04OqpKQkiY6OlrVr1zqM88S3tsWKFXM6
XeyuXbuUZppo0KCBXmnZUbmviYhIVFSUbNu2zZAc/I2zGXQyzJ8/36MH/plvapsbV+5Fobqcmzdv
li1btii3q4f/+7//U4qLiIjQ/dIvGI9xCwAAwL/kywKHiNpMIitWrJCrV6+63Y4eHn/8cYd///PP
P51eNmCxWKRWrVp6pmXz2GOPSWhoqFLshAkTPP5NvBlFRERIo0aNnMZt3brVYwdfV65ccVr0E1Gf
jlnkzo10+/TpoxQ7efJk5XbddfnyZZkyZYpS7JAhQ6RQoUIGZwS9MW4BAAD4l3xb4FCZSeTrr792
2sYDDzygV0oOObsx6tq1a2X79u0OY1q2bOn0Upe8Cg4OlqFDhyrFLlmyRPm+BnpJTk6WkSNHOi0C
+ZICBQrIs88+qxT70UcfeeTga/HixZKYmOg0zpUCh4hI//79leIWLVrksUtypk2bpnRzSYvFIl27
dvVARtAb4xYAAIB/ybcFjoiICKezNxw+fNjh3z15UPPAAw84PGhMSEhwer+QFi1a6J2WnX79+inH
vvTSS3Lu3DkDs/kfTdNk7NixMnXqVGnSpInTG3f6kh49eji9X4yIyLJlywxfruvXr8vUqVOdxoWG
hirNVJRZmzZtlG/W+8YbbygVWdyxe/du+eijj5RiX3rpJSlfvryh+cA4jFsAAAD+I98WOIoVK6Z8
E8fcGF0wyOrJJ5906/VG3X8jQ/Xq1WX48OFKsTExMTJkyBC5ffu2oTlpmibvvfeefPzxxyIiEhsb
K+3bt5dJkyZJamqqoX3r4e6775aXX35ZKXbo0KFy/vx5w3J5++23nRb9REQGDRqkNPVrZoULF5Y3
33xTKXbHjh0ybtw4l9p3RXx8vAwePFgp1mKxyIgRIwzLBcZj3AIAAPAf+bbAIeJ8+lVHQkNDXT4N
312PPfaYW6+vU6eOTpnk7vXXX5eAgACl2KioKBkxYoQkJycbkktKSoq89dZb8u6772b72xtvvCHP
Pvus0iUI3jZ06FCl+wTExMTIoEGD5MaNG7rn8Nlnn8nnn3+uFDtw4MA89dGhQwflouOkSZMMmdki
OTlZXnjhBdm5c6dS/JtvvikVK1bUPQ94Vn4dt2JiYmTv3r2yf/9+p9Pl6iW/9AkAALxEy8c2bdqk
iUieHkOHDvV4vgkJCVpgYGCe8m3atKnH8pw6dapLufXs2VOLi4vTNYeLFy9q3bt3d9p3vXr1tH/+
+cfl9seOHau0bFFRUbosz2effaa8Pjt37qzduHFDl35TU1O1Dz/8ULnv1157za3+9u3bp1ksFuX+
Zs2apaWnp+uyrAkJCdqAAQOU+65evboWHx/vdr/Tp09X6m/BggU6LKVzffr0Ucrn1KlTHslHdcxz
V34YtzRN09LT07WFCxdqdevWzdZumzZttPXr1+u6TPmpTwAA4H35usARHx/v0sFU5sfPP//slZxV
Dz6yPt5++22P5ZicnKy1bt3apfwiIiK0TZs2ud13enq6tmjRIq1ChQpK/VapUkW7ePGiy/14usBx
69YtrX79+srrs0GDBtqePXvc6vPEiRNap06dlPusUKGCdvnyZbeXdcKECS69d1588UUtNjbWrT73
7dunNW3a1KV+f/vtN7eXVdMocDjjqQJHfhi30tPTtddff91p+3PnznV7mfJbnwAAwDfk6wKHpmla
ZGSkSzu0GY8LFy54Jd9vvvkmT/muWLHCo3keP35cK1++vMt59u3bV9uyZYuWlpbmUn+3b9/WoqKi
tJYtW7rUX14PTjxd4NA0Tdu+fbtLyxYQEKCNHj1aO3jwoEv9HD9+XHv77be14KOYR0cAACAASURB
VOBgl/rT64A/JSVF69Kli0t9h4WFaf/9739dLnQcPnxYGzVqlMvv0w8//FCXZdU0ChzOeKrAoWn+
P24tWrRIqX2LxaLt378/T33k1z4BAIBvKCz5XIsWLeTXX3916TVt2rSRMmXKGJSRY67OTpGhbt26
OmfiWOXKlWXhwoXSunVrsVqtyq9bsGCBLFiwQOrUqSOdOnWSRx55RCpWrCilS5eWgIAAKVSokCQl
JcnNmzfl3Llzcvz4cdm2bZv88MMPLl9b/d1330nTpk1dXTSvadCggUyaNElGjRqlFJ+UlCQTJkyQ
CRMmSNu2baV58+by8MMPS/ny5SUoKEhKlCghVqtV4uLiJDY2Vnbt2iUbNmyQZcuWuZzblClTpHXr
1i6/LicWi0VmzJghR48eVbqpqcida+xfeOEFef311+XJJ5+U1q1bS9WqVSUsLEwCAwOlSJEikpyc
LDdu3JAzZ87IgQMHJCoqKk9Tznbv3l3+/e9/u/w6+D5/H7cmTZqkFGe1WmXmzJnK992hTwAA4DO8
XWHxtt9++83lb+s+/fRTr+Wbnp6u1axZ06V869at67V8f/nllzxfBmTkY+bMmW4tlzfO4NC0O/fE
GDhwoNfXX+bH6NGjdbsPRmZHjx7VKlas6PXly/xo27atLvfdyIwzOBzz5BkcGfxx3Dp37pxLfZUt
W9btz3V+6RMAAPiOfD2LikjezmxwZ/YVdxUoUEA6d+7s0mvatGljUDbOdevWTX7++WexWCxeyyEz
i8Ui8+bNk6FDh3o7lTwpVKiQfPrpp9KxY0dvpyIiIu+884588MEHUqBAAd3brlatmixdulQqVKig
e9t50bJlS/nuu++kZMmS3k4FBvPHcevKlSsuxV+4cEFu3bqV5/7yU58AAMB35PsCx9133y3NmjVT
jq9UqZJEREQYmJFzrk4X27BhQ4MyUdOpUydZt26d16fTLFWqlKxatUqeeeYZr+bhrhIlSsj3338v
ffv29VoOFotFvvzyS3nnnXekYEHjhpFatWrJhg0bpFGjRob1oaJ///6ydOlSpel64R/8bdwqWrSo
R16TH/sEAAC+I98XOEREWrVqpRz71FNPSaFChQzMxrlHHnlEAgIClOMffvhhA7NR07RpU/nzzz9d
PvtEL23btpVt27bpdp8IbytevLjMnj1bxo8f7/G+w8PDZcOGDTJkyBBDztzIqlKlShIVFSXDhg0z
vK+sAgICZPLkyTJnzhwJCgryeP/wLn8atypWrOhSga5t27Zun8GSX/oEAAC+gwKHuHaGgyvFEKME
BwcrX6IQHh4u999/v8EZqSlfvrwsWrRIvv/+e49ddhAYGCgTJ06UZcuWSaVKlTzSp6cULVpU3nrr
Lfnrr7+kfv36Hulz1KhRsnXr1jzf7DavQkJCZMaMGbJy5UqpVq2aR/ps2bKlbNu2TUaOHCmFC+f7
+zHnW/4ybhUtWlSef/555fhnn32WPgEAgOlQ4BCROnXqKMVZLBZ59NFHDc5GTdu2bZXiIiMjPfIt
u6qCBQtKr169ZN++fTJz5kypUqWKYX29/PLLcuTIERk1apRfn4L86KOPyubNm2XhwoVSo0YNQ/oY
MGCAHDx4UCZOnCh33XWXIX2oaN++vezevVtmz55t2HunSZMmsmLFClm7dq3UqlXLkD5gLv4ybr36
6qtKl1h27dpVunfvTp8AAMB0KHCISNmyZZW+Ae/cubNXD+4ya9KkiVKcrxRksgoODpahQ4fKvn37
ZPXq1fL8889LcHCw2+22aNFCvvjiCzl58qRMmzZN7rvvPh2y9X1FihSR3r17y969e2XDhg0yYsQI
t+8XERERIR999JGcOHFC5s6da1jxxFWBgYEycOBAOXDggKxZs0b+9a9/uX35SNmyZeWNN96Qbdu2
ycaNG6VDhw5evxQNvsfs49bdd98tK1eulPbt2+caM2zYMJk3b55ul23klz4BAIBvKKBpmubtJAAR
keTkZDl06JDs3r1bDh8+LMePH5fDhw/L2bNnJTEx0RYXFBQkpUuXlnvuuUdq1KghNWvWlPDwcKlR
o4bXbwjoS1JSUuTw4cOya9cuOXbsmBw/flwOHjwoMTExkpCQYBdbqVIlqV69utSoUUPq1KkjdevW
lerVq/vU2T+O3L59Ww4cOCC7du2So0ePypEjR+Tw4cNy7tw5sVqttrjAwEAJCwuThx56SKpVqyY1
atSQhx9+WB588EEuQ0GemHHc0jRNdu3aJTt27JBLly5JoUKFJCwsTBo1aiTh4eH0CQAATIsCB0wh
JSVFUlJSxGKx+PXlJp6SmpoqSUlJUrBgQQkICDB0JhRvS05OFqvVKkWKFJEiRYp4Ox3kI4xbAAAA
nkWBAwAAAAAAmJ7/fm0LAAAAAADyDQocAAAAAADA9ChwAAAAAAAA06PAAQAAAAAATI8CBwAAAAAA
MD0KHAAAAAAAwPQocAAAAAAAANOjwAEAAAAAAEyPAgcAAAAAADA9ChwAAAAAAMD0KHAAAAAAAADT
o8ABAAAAAABMjwIHAAAAAAAwPQocAAAAAADA9ChwAAAAAAAA06PAAQAAAAAATI8CBwAAAAAAMD0K
HAAAAAAAwPQocAAAAAAAANOjwAEAAAAAAEyPAgcAAAAAADA9ChwAAAAAAMD0KHAAAAAAAADTo8AB
AAAAAABMjwIHAAAAAAAwPQocAAAAAADA9ChwAAAAAAAA06PAAQAAAAAATI8CBwAAAAAAMD0KHAAA
AAAAwPQocAAAAAAAANOjwAEAAAAAAEyPAgcAAAAAADA9ChwAAAAAAMD0KHAAAAAAAADTo8ABAAAA
AABMjwIHAAAAAAAwPQocAAAAAADA9ChwAAAAAAAA06PAAQAAAAAATI8CBwAAAAAAMD0KHAAAAAAA
wPQocAAAAAAAANOjwAEAAAAAAEyPAgcAAAAAADA9ChwAAAAAAMD0KHAAAAAAAADTo8ABAAAAAABM
jwIHAAAAAAAwPQocAAAAAADA9ChwAAAAAAAA06PAAQAAAAAATI8CBwAAAAAAMD0KHAAAAAAAwPQo
cAAAAAAAANOjwAEAAAAAAEyPAgcAAAAAADA9ChwAAAAAAMD0KHAAAAAAAADTo8ABAAAAAABMjwIH
AAAAAAAwvcLeTgA5O3DggGzfvl3Onz8vycnJUqpUKWnRooXUqlXL26nlO5qmyd69e23Py5QpI2XK
lPFiRtBTfHy8nDp1yva8atWqUrx4cS9mBL1k3bbh4eFSrFgxL2YE5D9m+hwakSv/YwDAsyhwuCEx
MVECAgKkYEH9ToQ5c+aMvPLKK7J48eJsf5s6dSoFDi+wWq1St25d2/MZM2bIsGHDcow14j0BY+3f
v1+aNWtme75v3z6JiIjwYkbQy+7du6Vly5a250eOHJHw8HAvZgTkP2b6HGb9f6BHrvyPAQDPMvVR
2KpVq2TQoEG2R2xsrEf61TRNRo4cKcWLF5dKlSrJtm3bdGn37Nmz0qJFixyLGyIiwcHBuvQD/Rn1
ngAAXxQTE2P73/vhhx96Ox0AAAARMfkZHKdPn5Y5c+bYnr/77rse6ffw4cMydepUEblzxsXEiRNl
0aJFbrc7evRou9MYmzdvLn369JH77rtPUlJSfPYbDxj3ngAAX7R48WLb/9+5c+d6ORsAAIA7TF3g
8JaAgAC75yVKlHC7zVOnTsl3331ne96/f3/5+uuvpUiRIm63DeMZ8Z7wd8nJyTJx4kTb88jISGnY
sKEXMwL8k96ftbS0NJk9e7aIiAQGBkqHDh3czhEAAEAPFDjy4IEHHpA5c+bIt99+K+XKlZNx48a5
3eauXbvsno8ePZrihokY8Z7wd1arVd555x3b84oVK1LgAAyg92dty5YtthsvDxgwQO655x63cwQA
ANADBY48eu655+S5557Trb0LFy7YfrZYLFK5cmXd2oZn6P2eAABf9OOPP9p+7tWrlxczAQAAsGfq
m4z6k8TERNvPYWFhUrRoUS9mAwBAdtevX7fdc6N69erSpEkTL2cEAADwPxQ4AACAkpUrV0pCQoKI
iAwePFgKF+ZEUAAA4Dvy3Z6Jpmny119/SVRUlGzZskWio6MlKSlJypcvL3Xr1pXmzZtLp06dpGTJ
krm2kZaWJh988IHteatWraRp06Yu5/Lll1/KpUuXRERk8+bNtt/HxcXJe++9Zxfbu3dvqVatmsPl
2rx5s6xZs0a2bt0qp0+flpSUFKlYsaLUrl1b2rRpI61bt852M8ysjh8/bnez01dffVVKlCghq1at
koULF8quXbvkxo0b8tZbb8mwYcNEROTQoUPy888/214zduxYKVCggBw/flyWLVsmv//+u5w6dUpu
3bolVatWlcaNG0u3bt2kTp06dn1brVbZuHGjLFq0SA4cOCAnTpyQkiVLyoMPPiitWrWSnj17yr33
3ptr7vv377ebYveVV15xuB1FRH7++Wc5dOiQiIiULVtWBg8e7DA+NyrvibysW1VGLXvWnN966y0p
VKiQXL9+XZYvXy5RUVFy5MgRuXz5soSFhUmTJk2ka9eu0qxZMylQoEC29r766ivb5VgpKSl2f1u6
dKlER0fbnj/99NNSpUoVw5fRVfPnz7eb7ahFixbSvHlzl9vxlc9NTrZt2yZLly6VjRs3ysmTJ+Wu
u+6S+++/X5o2bSrt2rWTevXqmXbZRET++ecfWbJkifz+++9y4sQJSUtLkypVqshjjz0mXbt2lRo1
ajh8vafeixcuXJClS5fKn3/+KQcPHpQLFy5IcHCwVK5cWRo3biydOnWSWrVq5fhadz5rjmSeMaVr
1645xvjy9nf3va33mJgbd7Z9Bl/eDiLufw6z0mOd5Ubv7euIq/9j9FhuT72vc+OJMVWP/f+c6D2m
6LlvCORbmonNmDFDExHb48yZMw7jz549q3Xt2tXuNTk9ypcvry1dujTXdpKTk+3iZ8yYkaf8W7Vq
5TSXjMf69etzbeeff/7RunTp4rSNevXqOWxH0zRt06ZNdq85efKkNmzYsGxtvfXWW7bX/Prrr3Z/
S0hI0D744AMtICDAYT7vv/++ZrVabcvQpk0bh/GhoaHaihUrcs192bJldvEXL150ug2GDx9ui4+M
jMwxRmV7q8TkZd2qMmrZs+Z88+ZNbfXq1VrlypUdbqvBgwdrN2/ezNZeZGSk8nt+06ZNXlnGffv2
5dre9OnT7WIHDBigJScnO80jJ77yucksJiZG69Wrl9Nt88ILL2hxcXE+v2zr16+3iz906JA2ceJE
p3mMHz/elkdOjHovZkhOTtY+/vhjp3mKiDZkyBDt6tWr2dpw57OWm/3799te061bt1zjfGX7Z6bX
e1vvMTErPba9r20Hoz6HRqyzrNv3yJEj2qpVq9zavkb9jzFyufV+Xztj9Jiq1/5/ZkaNKXruGwL5
Vb4pcJw5c0arWbNmtgGjQoUKuQ7g8+fPz7EtXypw7NmzRwsLC8sWX6pUKa1ChQrZfm+xWLSFCxfm
mlPWgbZPnz455jN27Fjba7LuRKkM+BmP6dOna4cPH9bKli2rFG+xWLQtW7bkmLvZChwq61aVpw7+
v/jiC+Vt++KLL2Zrz8wFjm+++cYurlu3blpiYqLTHHLjK5+bDIcOHcpxLKxUqZIWGhqa7feOlt9X
li3rgVXnzp2V8xg9erSWnp6eY7tG7ownJSVpzzzzTLZ8goKCtAYNGmgVK1bM9reWLVtm24E2osDx
7rvv2l6zePHiXON8Zftn0PO9rfeYmJle297XtoNRn0Mj1lnW7Tt27Fi3t68R/2OMXm4939cqjBxT
9dz/z2DkmKLnviGQX+WbAkf37t3t/hHPmDFDu3Lliu3v8fHx2oIFC7RSpUrZ4gICArSjR49ma0uv
AkdcXJx27do17dq1a9o777xja69ixYq232c8UlJSsr3+4sWLdv/EAgICtKlTp2oxMTG2mOvXr2s/
/PBDtn92ue3QZh1oMx41a9bUPvroI23BggXa/Pnz7QouWXeiREQrW7asNnPmTC06OlpLSkrSrFar
9s8//2jvv/++ZrFYbHGBgYFatWrVNBHRwsPDtZ9//lmLjY3V0tLStKtXr2pbt27V+vXrZ9d227Zt
c8zdbAUOlXWrylMH/xmP7t27a5s2bdKuXbumpaWlaRcuXNBmz56thYSE2MUdPHjQrr34+Hjbe/rs
2bPZ1pmj97w3Cxw///yzXUxkZKQWHx/vtH9HfOVzo2madvnyZa1GjRq22NDQUG327NnatWvXbDGn
Tp3SRo8ebdfm5MmTfXrZsh5YZTxGjBih7dmzR4uLi9OsVqt27tw57dtvv81WLI6KisqxXSN3xt97
7z27tgcNGqQdPHhQS0tL0zRN09LT07UjR45kWwfjx4+3a8edz1pOEhMTbeundOnSDr+19ZXtr2n6
v7f1HhMz02vb+9p2MOpzaMQ6M2L7GvE/xgzL7Qojx1Q99/81zXNjih77hkB+lS8KHAcOHLCLmzp1
aq5tbtmyxS72zTffzBajV4Ejs4kTJ9raq1SpktJrBgwYYDdob9y4MdfYM2fO2HZWRESrXr26lpCQ
kC0up4H2/fffd7gDnHUnqmLFitqRI0dyjZ83b162PqpVq2ZXmMksPT1de/HFF+3ijx8/ni3OjAUO
Z+tWlScLHBMmTMj1G7VVq1bZxX722We59p+QkGAXO2/ePJ9Yxqw7n1FRUXY7/k2aNLHbOcorX/nc
aJqmPf/887aYkJAQbc+ePbnm8eabb9pig4KCctwOvrJsOR1YOfpm7vjx41rp0qVtsbVr187xFHmj
3ovnzp2ze6+99dZbuX7WkpOTtXbt2tliS5cuneup7K5+1nKyYsUKu7wc8ZXtr2n6v7eNGhON2Pa+
sh2M+hwasc6M2L56/48xy3K7wqgxVe/9f03zzJii174hkF/liwLHjz/+qBSXYciQIbbYunXrZvu7
LxQ4Ml8LLSLapEmTnL5m3bp1dq+ZM2dOtpisA+3QoUOdtpt1J+qHH35wGG+1WrOd2rdkyRKHr9m3
b59d/LJly7LFmK3AobJuVXnq4H/w4MEO20xPT9ciIiJs8QMGDMg11gwFjg0bNmiBgYG2v9WpU0c7
d+6c035V+MrnJutYMnfuXIdtXrx40W6dzJo1y2eXLeuB1ZgxYxy2qWmaNnv2bLvX/PHHH9lijHov
Ll682K7d8+fPO2xz5cqVdvH79+/PMU6PAkfv3r1tr9+1a5fDWF/Z/ka8t40aE43Y9r6yHYz6HBqx
zozYvnr/jzHLcrvCqDFV7/1/T4wpeu4bAvlVvpgmVtM0u+dWq9Vh/PPPPy8LFiyQBQsWyKhRo4xM
Lc++//5728/BwcFKd+Rv2bKlPPHEE7bnX3zxhdPXDB8+3OXcHn74YYd/L1y4sDRp0sT2PCgoSCIj
Ix2+Jusd/q9cueJyXr4mL+vW215++WWHfy9QoIA8+uijtucXL140OiXD/P3339K1a1dJTEwUEZFq
1arJ4sWLpVy5cob0563PzU8//WT7uXz58tKrVy+HbZYuXVr+9a9/2Z4vX77cYbyI74wJ/fv3dxrz
1FNPSWBgoO35r7/+6vQ1eomMjJTY2Fjbo0yZMg7js66Da9euGZLX2bNnbf9zmjZtmm2WDWf8+b2t
15joiW3vb59DT6wzI//n5fV/jNmX25P03v/3xJhixn1DwNfki2liq1atavf8448/lk8//VSKFCmS
Y3ydOnVc3oHztNWrV9t+7tu3r9x1111Kr3v66adl1apVIiKyY8cOiYmJkbCwsFzjixYt6l6iuQgN
DbX9XKtWLafT1xYrVkwCAgIkKSlJRERu3rxpSF6eZNS6NVLhws6HjODgYNvPRh1wGe3YsWPSuXNn
uX79uoiIhIWFyZIlS6RixYpezcuIz03mHa7u3bs7bVNEpEGDBrafN27cKFarVSwWi9PXOeKJMUFl
OsPg4GDp0qWLbdq+bdu2OX2NXooVKybFihVTjs/6PyxjXehtyZIltp8HDhyo23SYmZn1va3XmOgr
295Mn0NPrDOj/ue58z/GzMvtaXrv/3tiTDHjviHga/JFgaNOnTrSsWNHWbFihYiIzJw5U3bu3CmD
Bw+Wxx57TKpUqSIFC5rnZJbr16/Lzp07bc8bNmyo/Nq6devaPT9y5IjDAodRMu/gqK77zHHp6em6
5wR9ZN62ZtxOV65ckddee00uXLggInd2+JcuXSrVq1f3cmb6f25u3Lghu3fvtj0vXbq0HD9+3Gmb
mXfA4uPj5dKlS26PI740JtSuXdt2YLV582bRNM2Qg3oViYmJcvz4cTl9+rQkJCRIYmKi7VvJq1ev
Gt5/WlqazJ49W0REAgIC5MknnzSkn/zy3nblfeqNbW/2z6G315nK8hvxP8YMy+0Neu7/+9KYAsCx
fFHgKFCggMyaNUv69esn69atE5E7pwb+/fffIiJSsWJF6dixo7Ro0UJatWolISEh3kzXqYyKfwZX
Bsqspz76w6UegJ6GDRsmx44ds/tdyZIlvZSNsbJ+/seMGSNjxoxxuR1/OKMqs8zjZFJSkiQmJkrx
4sU9msOOHTtkzpw58t1330l8fLxH+85s69atsnfvXhERGTBggNxzzz1ey8UVZn5v+8q29zZXPodm
Wmd6/o8x03J7g577/2YeU4D8xjynLbipbNmyEhUVJXPmzJEaNWrY/S06Olo+//xz6d69u5QrV05e
ffVVpaqst2QdHF3Z8c58TavInYo0gP/JuuN59epVGTRokNy+fdtLGRlHr9Pak5OTdWnHV2QdJzOu
kfeElJQUeeONN6RBgwYyY8aMbActAQEBEhgYaHsY7YcffrD93Lt3b8P704sZ39u+tu29TeVzaMZ1
psf/GDMut7fotf9vxjEFyK/yxRkcGYoWLSrPPfec9OvXT7Zt2yZr166VNWvWyNatW20xSUlJMm3a
NJk1a5Z8/vnn8txzz3kx45xlvT7P2U2THMWqXD8I5DcWi0X69+8vc+bMEZE7182+++67MnHiRC9n
Zqxu3brl6dTZzNdi+4Os46S79xdxxauvvmp3A+iuXbvKM888I7Vq1ZKyZcvaXXsfHR0tlSpVMiyX
69evy9y5c0VEJDw8XJo2bWpYX0Yzw3vbl7a9L1D5HJp1nbn7P8asy+0tRuz/m2FMAfKrfFXgyGCx
WKRp06bStGlTGTdunFy5ckV27twpS5cula+//lqsVqskJibKwIEDJTQ0VDp16uTtlO0EBQXZPXfl
5k5ZL29RvTkpkJ/83//9n/To0UPS0tJk3rx5IiIyadIkady4sXTu3NnL2ekn61jy3HPPSceOHb2U
je+Ii4uze+6py1P++OMPu4OWzz77TEaMGOG1+3+sXLlSEhISRERk8ODBSjce9BVme2/72rb3Bc4+
h2ZeZ+78jzHzcnubO/v/ZhtTgPws31yi4sg999wjkZGR8sUXX8i2bdvsqqvvv/9+tmmmvO3ee++V
UqVK2Z4fPHhQ+bVZT42sUKGCbnl5W37+554flt1Tyzhr1izp2bOnFChQQKZMmSI1a9a0/W3w4MFy
4sQJj+ThCaGhoXbfimYdH/Kro0eP2n6OiIjI9s2xUe/FzLOVNGnSxOsHLRlnb4jc+YbYTMz23va1
be8LnH0OzbrO3P0fY9bldsRb+buy/2+2MQXIz/y+wHHr1i1Zs2aN7eFsru66devK2LFjbc937Ngh
ly9fNjpNlxQuXFjatWtne75o0SLlIsyaNWtsP4eEhPjEzBB6yTptmlFTJvqi/LDsnlrGRo0a2X6+
++675ZtvvrFdyhUbGyuDBw/2m/txBAYGyuOPP257vnTpUp8r6HpaWlqarFy50vY8p8syjHovZtzM
U0SkcePGXj1oOXDggPz+++8iItKlSxd54IEHvJZLXpjtve1L294XqHwOzbrO3P0fY9bldsSIMVXv
/X+zjSlAfub3BY6UlBSJjIy0PVatWuX0NbVq1bJ77osHM126dLH9vGPHDtmwYYPT11y6dMk23Z/I
ndPr/Gm+7azXNZ47d85hvKZpcvbsWSNT8hgzLrurO2XeWsb69evLtGnTbM/Xr18v48ePd7tdX5F5
2s+NGzfKH3/8ofS6GzduSGpqqlFpGWLfvn1OYzZt2mT3zVyLFi2yxRj1Xsx802dnO+MiIocPH3Ya
I5K3b0d/+eUX28/9+/d3+fW+wEzvbaO2vS/S63PoL+vM1f8x/rLcmRkxphqx/2+mMQXIz/y+wBES
EiKtW7e2PZ8/f77Tm3IeOXLE9nNAQIDd5SC+okOHDhIeHm57/uabbzqcIkzTNHn33Xft5kMfNGiQ
oTl6WtWqVe2e//rrrw7jf/jhB1m+fLmRKXmMGZc9a3HNWSHRm8s4ePBg6devn+35hx9+KCtWrNCl
bW/r3bu33Rj30ksvOT1r7ebNm9K3b1959tlns93Xx5eNHDnS4enft2/flvfee8/2PDg4WCIjI7PF
GfVerFy5su3n1atXy/nz53ONPXTokLzwwgt2v0tPT88x1tXPWlJSknz99dciIlKqVClp27atw3hf
Zab3tlHb3hfp9Tn0p3Xmyv8Yf1ruDEaMqUbs/5tpTAHyM78vcIiIvPLKK7af169fL8OHD5czZ85k
i0tPT5dVq1bZnaLWv39/j91gzhVFixaV6dOn255v27ZN+vXrl+Ny3bx5U0aNGiUzZ860/e7999/P
Nl2W2QUHB9ud2fLRRx/Jd999J2lpaXZxcXFxMmXKFOnTp4+nUzSMGZe9cOHCUq1aNdvzqKgohzsf
3lzGggULyrRp0+w+M//6178kOjpatz68JSQkRD755BPb8/3790uXLl1y/ZZ179690q5dO1mxYoUs
WLBAXn/9dU+l6raYmBhp166drF+/PtupxZcvX5YhQ4bI+vXrbb975513crzjvVHvxQ4dOth+jo2N
leHDh8uFCxfsYm7evClz5syR5s2by6lTp+z+llvhwtXP2u+//y4xMTEi1Dxu3QAAIABJREFUcud9
XqJECaX8fY2Z3ttGbXtfpNfn0J/WmSv/Y/xpuTMYNabqvf9vpjEFyM/Mc0t0N3To0EFGjBghn3/+
uYiIfP311/L1119L9+7dJSIiQoKDg+XChQuyceNG2bJli+11pUqVkjFjxngrbafatGkjH374oS3H
FStWyG+//SY9evSQmjVrSpEiRSQ6Olq+//57uXTpku11Xbt2lddee81baRvq5Zdftt2Ay2q1St++
fWXq1KnStGlTKVy4sJw9e1aioqJsMwP4EzMue7t27WynIS9btkweeeQRadmypSQmJkrv3r2znZbs
zWUMDQ2VuXPnSpMmTcRqtcqlS5dkyJAhsmzZMtNPt9y/f3/Zu3evTJkyRUREtmzZIrVr15ZOnTpJ
48aNJSgoSGJjY2XLli1236xVr17d7ptWX1etWjU5duyYtGrVSho1aiQPP/yw3HXXXRIdHS1LliyR
xMREW2yzZs1kyJAhubZlxHuxR48e8vnnn8vff/8tIneu8V67dq20bt1aypQpI2fOnJFdu3ZJbGys
iNy5q3/m9jOP81m58llbsGCB7efu3bsr5++LzPLeNnLb+xq9Pof+ts5U/8f423JnMGJMNWL/3yxj
CpCvaSY2Y8YMTURsjzNnzuQam5SUpI0cOdIu3tGjWrVq2q5du3JsKzk52S52xowZbi/LxIkTbe1V
qlRJ+XXp6enaZ599plksFqXlGjhwoHbr1q1c29u0aZNd/JEjR5zm8Ouvv9q95p9//nH6mszbolmz
ZkrLGhgYaHvNtGnTco375JNPlNZF3759tdGjR9ueR0ZG5tieyvZWicnLunWV3suel5xHjRpli69X
r57D2AMHDmhBQUE55rh06VKvLOO+ffsc5vz555/bxY8dO9bpOsmJr31u0tLS7MYhZ4/27dtr58+f
9+llW79+vV0eJ0+e1OrWret02erVq6edO3fOaf96vxc1TdNOnjyp1a5d22mbERER2r59+7TQ0FDb
74YPH55ru6qftTNnzth+/+ijj2rp6elO10NWvrL9M+j53jZyTNR72/vKdjDyc6j3OjNi+xrxP8YM
y50XRoypeu7/Z/D2mALAsXxxiYrInUs6Jk+eLOvXr5devXrl+o1r9erVZcqUKbJ9+3apW7euh7N0
XYECBeTFF1+U/fv3y4gRI3K8X4jFYpFu3brJ2rVrZfbs2RIYGOiFTD3ntddekzVr1kjLli1z/Huj
Ro3k+++/l7lz50rp0qU9nJ2xzLbsDz30kKxevVrq16+f7W9aLncn9/YyDhs2TJ5++mnb8/fff1/p
5mW+rmDBgjJq1CjbNdu53XuoXr16Mnv2bFm0aJGULVvWw1nmXYUKFaRSpUqyceNGmThxot117Jlj
PvjgA9mwYYOUK1fOaZtGvBcrVaok69evl/feey/HbVClShX55JNP5K+//pKIiAh54oknbH/75Zdf
JCUlJcd2VT9rS5cutf08aNAgv5ihwSzvbaO2vS/R+3Poj+tM5X+MPy63iDFjqhH7/2YZU4D8qoCW
21GEn7t586YcP35c4uPjJSUlRUqUKCFhYWESFhZm6h26pKQkOXHihFy7dk2sVquEhIRIxYoVJSQk
xNupecXZs2fl9OnTcvv2bQkKCrJt4/zATMuempoqhw8flosXL0qRIkWkXLly8sADD0ihQoUcvs5M
y2g2ycnJtrHk9u3bUrx4cbnvvvtMP0ZmSE1NlX/++UdiY2MlPT1d7rnnHqlatWqeZ5Yy4r2YnJws
x44dkytXrkiBAgXk3nvvlWrVqknhwnm/utTRZy0tLU3q1asne/fulYCAADl9+rTce++9bi2DLzLD
e9uIbe+L9Pwc5pd1lpW/LrdR/9+N2P83w5gC5Cf5tsABAAD+Z/PmzdK0aVMRuTOrw6xZs7ycEQAA
gGvMXd4FAAC6CA0NlaioKBG5c7o2AACA2XAGBwAAAAAAML18c5NRAAAAAADgvyhwAAAAAAAA06PA
AQAAAAAATI8CBwAAAAAAMD0KHAAAAAAAwPQocAAAAAAAANOjwAEAAAAAAEyPAgcAAAAAADA9ChwA
AAAAAMD0KHAAAAAAAADTo8ABAAAAAABMjwIHAAAAAAAwPQocAAAAAADA9ChwAAAAAAAA06PAAQAA
AAAATI8CBwAAAAAAMD0KHAAAAAAAwPQocAAAAAAAANOjwAEAAAAAAEyPAgcAAAAAADA9ChwAAAAA
AMD0KHAAAAAAAADTo8ABAAAAAABMjwIHAAAAAAAwPQocAAAAAADA9ChwAAAAAAAA06PAAQAAAAAA
TI8CBwAAAAAAMD0KHAAAAAAAwPQocAAAAAAAANOjwAEAAAAAAEyPAgcAAAAAADA9ChwAAAAAAMD0
KHAAAAAAAADTo8ABAAAAAABMjwIHAAAAAAAwPQocAAAAAADA9ChwAAAAAAAA06PAAQAAAAAATI8C
BwAAAAAAMD0KHAAAAAAAwPQocAAAAAAAANOjwAEAAAAAAEyPAgcAAAAAADA9ChwAAAAAAMD0KHAA
AAAAAADTo8ABAAAAAABMjwIHAAAAAAAwPQocAAAAAADA9ChwAAAAAAAA06PAAQAAAAAATI8CBwAA
AAAAMD0KHAAAAAAAwPQocAAAAAAAANOjwAEAAAAAAEyPAgcAAAAAADA9ChwAAAAAAMD0KHAAAAAA
AADTo8ABAAAAAABMjwIHAAAAAAAwPQocAAAAAADA9ChwAAAAAAAA06PAAQAAAAAATI8CBwAAAAAA
MD0KHAAAAAAAwPQocAAAAAAAANOjwAEAAAAAAEyPAgcAAAAAADA9ChwAAAAAAMD0KHAAAAAAAADT
o8ABAAAAAABMjwIHAAAAAAAwPQocAAAAAADA9ChwAAAAAAAA06PAAQAAAAAATI8CBwAAAAAAMD0K
HAAAAAAAwPQocAAAAAAAANOjwAEAAAAAAEyPAgcAAAAAADA9ChwAAAAAAMD0KHAAAAAAAADTo8AB
AAAAAABMjwIHAAAAAAAwPQocAAAAAADA9ChwAAAAAAAA06PAAQAAAAAATI8CBwAAAAAAMD0KHAAA
AAAAwPQocAAAAAAAANOjwAEAAAAAAEyPAgcAAAAAADA9ChwAAAAAAMD0KHAAAAAAAADTo8ABAAAA
AABMjwIHAAAAAAAwPQocAAAAAADA9ChwAAAAAAAA06PAAQAAAAAATI8CBwAAAAAAMD0KHAAAAAAA
wPQocAAAAAAAANOjwAEAAAAAAEyPAgcAAAAAADA9ChwAAAAAAMD0KHAAAAAAAADTo8ABAAAAAABM
jwIHAAAAAAAwPQocAAAAAADA9ChwAAAAAAAA06PAAQAAAAAATI8CBwAAAAAAMD0KHAAAAAAAwPQo
cAAAAAAAANOjwAEAAAAAAEyPAgcAAAAAADA9ChwAAAAAAMD0KHAAAAAAAADTo8AB4P/Zu/sgu8r6
gOO/zdtNCHlZ2CU1m5iwk4muFBZFTVUSLMTBNrxIzBQ6KliV2papjKChhUqtlGLfwIHRttQwQqVM
p8M6AaK1hgIJDoQazaqwIGGJkIUmG0OymxAuCaR/0GyzZO/u5ububn57P5+ZzOTce+45z73/7Xee
8zwAAADpCRwAAABAegIHAAAAkJ7AAQAAAKQncAAAAADpCRwAAABAegIHAAAAkJ7AAQAAAKQncAAA
AADpCRwAAABAegIHAAAAkJ7AAQAAAKQncAAAAADpCRwAAABAegIHAAAAkJ7AAQAAAKQncAAAAADp
CRwAAABAegIHAAAAkJ7AAQAAAKQncAAAAADpCRwAAABAegIHAAAAkJ7AAQAAAKQncAAAAADpCRwA
AABAegIHAAAAkJ7AAQAAAKQncAAAAADpCRwAAABAegIHAAAAkJ7AAQAAAKQncAAAAADpCRwAAABA
egIHAAAAkJ7AAQAAAKQncAAAAADpCRwAAABAegIHAAAAkJ7AAQAAAKQncAAAAADpCRwAAABAegIH
AAAAkJ7AAQAAAKQncAAAAADpCRwAAABAegIHAAAAkJ7AAQAAAKQncAAAAADpCRwAAABAegIHAAAA
kJ7AAQAAAKQncAAAAADpCRwAAABAegIHAAAAkJ7AAQAAAKQncAAAAADpCRwAAABAegIHAAAAkJ7A
AQAAAKQncAAAAADpCRwAAABAegIHAAAAkJ7AAQAAAKQncAAAAADpCRwAAABAegIHAAAAkJ7AAQAA
AKQncAAAAADpCRwAAABAegIHAAAAkJ7AAQAAAKQncAAAAADpCRwAAABAegIHAAAAkJ7AAQAAAKQn
cAAAAADpCRwAAABAegIHAAAAkJ7AAQAAAKQncAAAAADpCRwAAABAegIHAAAAkJ7AAQAAAKQncAAA
AADpCRwAAABAegIHAAAAkJ7AAQAAAKQncAAAAADpCRwAAABAegIHAAAAkJ7AAQAAAKQncAAAAADp
CRwAAABAegIHAAAAkJ7AAQAAAKQncAAAAADpCRwAAABAegIHAAAAkJ7AAQAAAKQncAAAAADpCRwA
AABAegIHAAAAkJ7AAQAAAKQncAAAAADpCRwAAABAegIHAAAAkJ7AAQAAAKQncAAAAADpCRwAAABA
egIHAAAAkJ7AAQAAAKQncAAAAADpCRwAAABAegIHAAAAkJ7AAQAAAKQncAAAAADpCRwAAABAegIH
AAAAkJ7AAQAAAKQncAAAAADpCRwAAABAegIHAAAAkJ7AAQAAAKQncAAAAADpCRwAAABAegIHAAAA
kJ7AAQAAAKQncAAAAADpCRwAAABAegIHAAAAkJ7AAQAAAKQncAAAAADpCRwAAABAegIHAAAAkJ7A
AQAAAKQncAAAAADpCRwAAABAegIHAAAAkJ7AAQAAAKQncAAAAADpCRwAAABAegIHAAAAkJ7AAQAA
AKQncAAAAADpCRwAAABAegIHAAAAkJ7AAQAAAKQncAAAAADpCRwAAABAegIHAAAAkJ7AAQAAAKQn
cAAAAADpCRwAAABAegIHAAAAkJ7AAQAAAKQncAAAAADpCRwAAABAegIHAAAAkJ7AAQAAAKQncAAA
AADpCRwAAABAegIHAAAAkJ7AAQAAAKQncAAAAADpCRwAAABAegIHAAAAkJ7AAQAAAKQncAAAAADp
CRwAAABAegIHAAAAkJ7AAQAAAKQncAAAAADpCRwAAABAegIHAAAAkJ7AAQAAAKQncAAAAADpCRwA
AABAegIHAAAAkJ7AAQAAAKQncAAAAADpCRwAAABAegIHAAAAkJ7AAQAAAKQncAAAAADpCRwAAABA
egIHAAAAkJ7AAQAAAKQncAAAAADpCRwAAABAegIHAAAAkJ7AAQAAAKQncAAAAADpCRwAAABAegIH
AAAAkJ7AAQAAAKQncAAAAADpCRwAAABAegIHAAAAkJ7AAQAAAKQncAAAAADpCRwAAABAegIHAAAA
kJ7AAQAAAKQncAAAAADpCRwAAABAegIHAAAAkJ7AAQAAAKQncAAAAADpCRwAAABAegIHAAAAkJ7A
AQAAAKQncAAAAADpCRwAAABAegIHAAAAkJ7AAQAAAKQncAAAAADpCRwAAABAegIHAAAAkJ7AAQAA
AKQncAAAAADpCRwAAABAegIHAAAAkJ7AAQAAAKQncAAAAADpCRwAAABAegIHAAAAkJ7AAQAAAKQn
cAAAAADpCRwAAABAegIHAAAAkJ7AAQAAAKQncAAAAADpCRwAAABAegIHAAAAkJ7AAQAAAKQncAAA
AADpCRwAAABAegIHAAAAkJ7AAQAAAKQncAAAAADpCRwAAABAegIHAAAAkJ7AAQAAAKQncAAAAADp
CRwAAABAegIHAAAAkJ7AAQAAAKQncAAAAADpCRwAAABAegIHAAAAkJ7AAQAAAKQncAAAAADpCRwA
AABAegIHAAAAkJ7AAQAAAKQncAAAAADpCRwAAABAegIHAAAAkJ7AAQAAAKQncAAAAADpCRwAAABA
egIHAAAAkJ7AAQAAAKQncAAAAADpCRwAAABAegIHAAAAkJ7AAQAAAKQncAAAAADpCRwAAABAegIH
AAAAkJ7AAQAAAKQncAAAAADpCRwAAABAegIHAAAAkJ7AAQAAAKQncAAAAADpCRwAAABAegIHAAAA
kJ7AAQAAAKQncAAAAADpCRwAAABAegIHAAAAkJ7AAQAAAKQncAAAAADpCRwAAABAegIHAAAAkJ7A
AQAAAKQncAAAAADpCRwAAABAegIHAAAAkJ7AAQAAAKQncAAAAADpCRwAAABAegIHAAAAkJ7AAQAA
AKQncAAAAADpCRwAAABAegIHAAAAkJ7AAQAAAKQncAAAAADpCRwAAABAegIHAAAAkJ7AAQAAAKQn
cAAAAADpCRwAAABAegIHAAAAkJ7AAQAAAKQncAAAAADpCRwAAABAegIHAAAAkJ7AAQAAAKQncAAA
AADpCRwAAABAegIHAAAAkJ7AAQAAAKQncAAAAADpCRwAAABAegIHAAAAkJ7AAQAAAKQncAAAAADp
CRwAAABAegIHAAAAkJ7AAQAAAKQncAAAAADpCRwAAABAegIHAAAAkJ7AAQAAAKQncAAAAADpCRwA
AABAegIHAAAAkJ7AAQAAAKQncAAAAADpCRwAAABAegIHAAAAkJ7AAQAAAKQncAAAAADpCRwAAABA
egIHAAAAkJ7AAQAAAKQncAAAAADpCRwAAABAegIHAAAAkJ7AAQAAAKQncAAAAADpCRwAAABAegIH
AAAAkJ7AAQAAAKQncAAAAADpCRwAAABAegIHAAAAkJ7AAQAAAKQncAAAAADpCRwAAABAegIHAAAA
kJ7AAQAAAKQncAAAAADpCRwAAABAegIHAAAAkJ7AAQAAAKQncAAAAADpCRwAAABAegIHAAAAkJ7A
AQAAAKQncAAAAADpCRwAAABAegIHAAAAkJ7AAQAAAKQncAAAAADpCRwAAABAegIHAAAAkJ7AAQAA
AKQncAAAAADpCRwAAABAegIHAAAAkJ7AAQAAAKQncAAAAADpCRwAAABAegIHAAAAkJ7AAQAAAKQn
cAAAAADpCRwAAABAegIHAAAAkJ7AAQAAAKQncAAAAADpCRwAAABAegIHAAAAkJ7AAQAAAKQncAAA
AADpCRwAAABAegIHAAAAkJ7AAQAAAKQncAAAAADpCRwAAABAegIHAAAAkJ7AAQAAAKQncAAAAADp
CRwAAABAegIHAAAAkJ7AAQAAAKQncAAAAADpCRwAAABAegIHAAAAkJ7AAQAAAKQncAAAAADpCRwA
AABAegIHAAAAkJ7AAQAAAKQncAAAAADpCRwAAABAegIHAAAAkJ7AAQAAAKQncAAAAADpCRwAAABA
egIHAAAAkJ7AAQAAAKQncAAAAADpCRwAAABAegIHAAAAkJ7AAQAAAKQncAAAAADpCRwAAABAegIH
AAAAkJ7AAQAAAKQncAAAAADpCRwAAABAegIHAAAAkJ7AAQAAAKQncAAAAADpCRwAAABAegIHAAAA
kJ7AAQAAAKQncAAAAADpCRwAAABAegIHAAAAkJ7AAQAAAKQncAAAAADpCRwAAABAegIHAAAAkJ7A
AQAAAKQncAAAAADpCRwAAABAegIHAAAAkJ7AAQAAAKQncAAAAADpCRwAAABAegIHAAAAkJ7AAQAA
AKQncAAAAADpCRwAAABAegIHAAAAkJ7AAQAAAKQncAAAAADpCRwAAABAegIHAAAAkJ7AAQAAAKQn
cAAAAADpCRwAAABAegIHAAAAkJ7AAQAAAKQncAAAAADpCRwAAABAegIHAAAAkJ7AAQAAAKQncAAA
AADpCRwAAABAegIHAAAAkJ7AAQAAAKQncAAAAADpCRwAAABAegIHAAAAkJ7AAQAAAKQncAAAAADp
CRwAAABAegIHAAAAkJ7AAQAAAKQncAAAAADpCRwAAABAegIHAAAAkJ7AAQAAAKQncAAAAADpCRwA
AABAegIHAAAAkJ7AAQAAAKQncAAAAADpCRwAAABAegIHAAAAkJ7AAQAAAKQncAAAAADpCRwAAABA
egIHAAAAkJ7AAQAAAKQncAAAAADpCRwAAABAegIHAAAAkJ7AAQAAAKQncAAAAADpCRwAAABAegIH
AAAAkJ7AAQAAAKQncAAAAADpCRwAAABAegIHAAAAkJ7AAQAAAKQncAAAAADpCRwAAABAegIHAAAA
kJ7AAQAAAKQncAAAAADpCRwAAABAegIHAAAAkJ7AAQAAAKQncAAAAADpCRwAAABAegIHAAAAkJ7A
AQAAAKQncAAAAADpCRwAAABAegIHAAAAkJ7AAQAAAKQncAAAAADpCRwAAABAegIHAAAAkJ7AAQAA
AKQncAAAAADpCRwAAABAegIHAAAAkJ7AAQAAAKQncAAAAADpCRwAAABAegIHAAAAkJ7AAQAAAKQn
cAAAAADpCRwAAABAegIHAAAAkJ7AAQAAAKQncAAAAADpCRwAAABAegIHAAAAkJ7AAQAAAKQncAAA
AADpCRwAAABAegIHAAAAkJ7AAQAAAKQncAAAAADpCRwAAABAegIHAAAAkJ7AAQAAAKQncAAAAADp
CRwAAABAegIHAAAAkJ7AAQAAAKQncAAAAADpCRwAAABAegIHAAAAkJ7AAQAAAKQncAAAAADpCRwA
AABAegIHAAAAkJ7AAQAAAKQncAAAAADpCRwAAABAegIHAAAAkJ7AAQAAAKQncAAAAADpCRwAAABA
egIHAAAAkJ7AAQAAAKQncAAAAADpCRwAAABAegIHAAAAkJ7AAQAAAKQncAAAAADpCRwAAABAegIH
AAAAkJ7AAQAAAKQncAAAAADpCRwAAABAegIHAAAAkJ7AAQAAAKQncAAAAADpjRvpATDydu7cGc8+
+2zP8fz58+OYY44ZwREBAADA4Rn1gWPfvn3R3d0dxxxzTBQKhZEezlHpJz/5Sfzmb/5mz/Hjjz8e
73jHO0ZwRAAAAHB4Rl3g2LJlS/zgBz+I73//+/HDH/6w18yE+vr6OPPMM+P000+PpUuXxsyZM0dw
pAAAAECl1Ozfv3//SA+iEvbs2RMrVqyIL3/5y/GrX/1qwPMnTpwYV199dSxfvrzqZ3Y8+OCDZnAA
AACQ2qhYZLS7uzs+/vGPxx//8R8fEjcmTpwY8+fPj2nTpvV6/ZVXXolrr702Lrzwwnj55ZeHc7gA
AABAhaUPHHv37o2Pf/zj0dLS0vPa/Pnz4/bbb4/nnnsudu/eHU899VTs2LEjOjo64q677orm5uae
c1euXBmf//znY5RMZAEAAICqlD5w3HrrrXHPPff0HP/O7/xOPProo3HxxRfH7NmzY8yY//+KM2fO
jIsuuigeeOCBOPvss3td4z/+4z+GddwAAABA5aQOHC+88EIsX7685/g973lP3HrrrVFbW9vv52pr
a+O2226L+vr6nteuv/56szgAAAAgqdSBo6Wlpdf6Gddff/0ha22UMnPmzPjTP/3TnuMf/vCHsWHD
hoqPEQAAABh6abeJ3b9/f9x66609x+985ztj8eLFh3WNc889N6644oqe4//+7/+Od77znYP67Lp1
62LlypWxZs2aaG9vj+nTp8ecOXPi9NNPjw9/+MNx2mmn9fv5jRs3xr/+67/2HF9zzTUxduzYeOml
l+Lee++N7373u/Hkk0/G1q1bY9asWfGBD3wgLrjggli4cGHU1NQM+jtu2rQpvvOd78R//ud/xtNP
Px0REY2NjXHWWWfFRz7ykXjb29426Gu9WaV/g89//vNx7LHHxve+972466674sc//nF0dXXFNddc
E3/wB39Q9jgBAAAY/dJuE/v888/HW9/61p7jv/7rv+71uMpg7N+/P1atWtXzaMqsWbMGDBwdHR1x
5ZVXxr/927/1e95ll13W74yShx9+OBYuXNhzvGvXrnj44Yfjsssui2eeeabkdS+99NK46aabYvLk
yf3ef//+/fHNb34zrrzyyuju7u7znPHjx8df/MVfxHvf+95ecWigbWKH6jdob2+Pv/mbv4l//Md/
7HXeNddcE3/5l3/Z770AAACobmlncDzxxBO9jgc78+JgNTU1cc455wz6/La2tjj33HMPCRAnnnhi
dHV19dqi9utf/3q8+OKL8e1vfzsmTZo04LXvuOOO+KM/+qMBz/vnf/7nmDhxYtx88839nnfjjTfG
F77whX7P2bt3b1x99dXx7ne/e8D7HjCUv8E111wTd9111yGvH7xQLAAAAPQl7V+OmzZt6nU8b968
Ib1fZ2dnLFu2rOcP++OPPz5WrFgR27dvj/b29ti2bVs8++yz8Sd/8ic9n2lpaYl/+Id/GNT1D8SN
ZcuWxdq1a2P79u3x2muvxYsvvhgrVqzotXDqLbfcckjgOdiDDz7YK24cf/zx8U//9E/x3HPPxd69
e6O7uzs2bNgQV155ZURE/OhHPzoqfoMDcePXf/3X44Ybbog777wz/uVf/iXOPPPMQX0eAACA6pV2
BsfOnTt7HU+fPn1I7/fnf/7nPVGhtrY27r///mhubu51zty5c+OGG26ImpqauOGGGyIi4stf/nJ8
7GMfixkzZgx4j69+9auxfPnyXmts/Nqv/Vp86lOfipkzZ8Zv/dZv9bx+//339/kYyb59+3rFjdra
2njggQfi5JNP7nnt2GOPjebm5mhubo73ve99sWzZsqPmN7juuuviqquuivHjxw9qTAAAABCReAbH
mwPHMcccM2T3+vnPf95rFsJNN910yB/2B7v88st7xtPd3R333HPPgPe49NJL46qrriq5gOjZZ5/d
K1KsX7++z/PWrl3b672vfvWrvT73Zh/96EfjS1/60oDjG47f4LOf/Wz82Z/9mbgBAADAYUsbOF55
5ZVex+PGDd1klH//93/v+X9DQ0NceOGF/Z4/Y8aM+MxnPtNzfO+99w54j8svv7zf92tqauJ973tf
z/H//M//9Hnefffd1/P/2tra+N3f/d0B7z2YR0CG4zcYzBokAAADulWaAAAgAElEQVQA0Je0j6gc
jkcffTSuv/76Ac9btGhRfPGLXzzk9YP/OF+2bFlMnDhxwGu95z3v6fn/mjVrYu/evf3OTBhMoDl4
N5Lt27f3ec6aNWt6jXXKlCkDXncwhuM3KBQKRzZIAAAAqlbawDFhwoRex6+99lqMHTu2z3O7urp6
zWwo5eBtZw/+7E9+8pOe4xkzZsTGjRsHvNbBf6zv3LkztmzZErNmzRrwc/05+PGV119//ZD3d+/e
3WvB0He9611HdL8DjqbfAAAAAPqSNnC8eVHRl19++ZDoUQnbtm3rdXz11VfH1VdffdjX2bVrV6WG
NOh7zJw5syLXzfQbAAAAUJ3SBo6DH9eIiNixY0fJnVQ+8IEPxLPPPtvne7/xG78RW7ZsKXmfN6/1
Ua5isViR6/Tn5Zdf7nVcqYVXM/0GAAAAVKe0gWP27Nm9jp9++umYO3dun+dOnjw5Jk+e3Od7h7s4
6dKlS8t6zOLNQWYovPm77N27d0juczT/BgAAAFSntIHjlFNO6XW8fv36+NCHPlTx+7x5kc7f+73f
i3POOafi96mEN4/1zVvpVuq6R/NvAAAAQHVKu03s7Nmz4+STT+45/ta3vjUkMxaOP/74Xjt//OIX
v6j4PSpl2rRp0dDQ0HPc1tZWketm+g0AAACoTmkDR0TEH/7hH/b8/6mnnop77rmn4vc45phjYvHi
xT3HK1eujP3791f8PpVQU1MTZ555Zs/xqlWrKjLWTL8BAAAA1Sl14Ljooouitra25/gLX/hCvwuG
luvcc8/t+f+aNWvioYceGtTnurq6Yt++fRUfT38Ofkxn/fr18eijjw74mRdffHHAczL9BgAAAFSf
1IGjtrY2vva1r/Ucb9q0KZYtWxZbt24d1Oeffvrp6OrqGvC8iy66KOrr63uOP/e5zw14j127dsXH
Pvax+OQnPxkvvfTSoMZTCeecc06v6POlL32p311Qnn/++Vi+fPmA1830GwAAAFB9UgeOiIhPfOIT
8dnPfrbn+OGHH473v//9cffdd8eePXv6/MyuXbvitttui4ULF0Z3d3fP6yeddFKf59fW1sbf/d3f
9Rz/7Gc/i4985CPx05/+tM/zW1tb48Mf/nDcd999ceedd8YXv/jFcr5aWWpra+MrX/lKz/H9998f
n/nMZw6Z2bJ///54+OGH40Mf+lBs3rx5UNfN8hsAAABQfdLuonJATU1NfO1rX4tx48bF17/+9YiI
eOaZZ2LZsmVRX18fZ599dsyaNSvGjx8fu3btimeffTYeeOCBQ3YYue6663qt6fFmn/jEJ6K1tTVu
vPHGiIh45JFHorm5Oc4777x4//vfH1OmTInOzs545JFH4vvf/37P55qamnoFh+Fw6aWXxne/+934
3ve+FxERd955Z9x9991xwQUXxIknnhjd3d3xox/9KB555JGIeGNx0sHsuJLpNwAAAKC6pA8cERET
J06Mm2++OU455ZS49tpre2YrdHZ2xre//e1+P9vQ0BDf+MY34rzzzuv3vJqamvjbv/3bmDFjRlx1
1VU9r99zzz0lFzf97d/+7fjmN78Zb3nLWw7zGx2ZQqEQd955Z1x44YXxgx/8ICIiXnnllbjrrrsO
Offkk0+Ob3zjG7Fw4cIBr5vpNwAAAKC6pH9E5YAxY8bE7//+78fPf/7z+Pu///s4/fTT+z3/gx/8
YNxyyy3xs5/9bMC4cfA9li9fHk888URcdtllvdakONhpp50WK1asiJaWlhH7w762tjbuvffeuOWW
W2L+/PmHvD937tz4q7/6q1i7dm28613vGvR1M/0GAAAAVI+a/aN4v88XXnghtm7dGi+99FLs27cv
Jk2aFMcdd1w0NDTEtGnTjvj6xWIxnnnmmdi+fXvs2bMnJk+eHLNnz45Zs2ZFTU1NBb5BZezbty9+
8YtfxNatW6Ompibq6+tj/vz5MW7ckU/gyfIbAAAAMLqN6sABAAAAVIdR84gKAAAAUL0EDgAAACA9
gQMAAABIT+AAAAAA0hM4AAAAgPQEDgAAACA9gQMAAABIT+AAAAAA0hM4AAAAgPQEDgAAACA9gQMA
AABIT+AAAAAA0hM4AAAAgPQEDgAAACA9gQMAAABIT+AAAAAA0hM4AAAAgPQEDgAAACA9gQMAAABI
T+AAAAAA0hM4AAAAgPQEDgAAACA9gQMAAABIT+AAAAAA0hM4AAAAgPQEDgAAACA9gQMAAABIT+AA
AAAA0hM4AAAAgPQEDgAAACA9gQMAAABIT+AAAAAA0hM4AAAAgPQEDgAAACA9gQMAAABIT+AAAAAA
0hM4AAAAgPQEDgAAACA9gQMAAABIT+AAAAAA0hM4AAAAgPQEDgAAACA9gQMAAABIT+AAAAAA0hM4
AAAAgPQEDgAAACA9gQMAAABIb9xIDwBgNOvo6IiIiGKxGNu2bYuIiLq6uigUChER0dDQMGJjAwCA
0UTgqIDW4u54aE9X/HLvK7Gh+HJERPxy3yuxaW8xIiLmji/EnHETIyLi1MIxMWf8xDhj0tRoLkwe
sTEDldfV1RUdHR3R3t4e7e3th/XZxsbGaGxsjIaGhpg6deoQjRAAAEavmv379+8f6UFkdM+u7fHQ
np2xcvf2npBxuOaOL8T5k4+LMyZNi/OOPa7CIwSGQ7FYjCeffDKeeOKJnhkaR6quri7e8Y53xNvf
/vaemR4AAED/BI7DdEfX1riic1PseH1fRa87fcy4uLF+blw89YSKXhcYOq2trbFu3booFsuLnAMp
FAqxYMGCaG5uHpLrAwDAaCJwDNIdXVvjK9ufL3u2xmDNHV+Ia4+bLXTAUaytrS0ee+yx6OrqGpb7
TZ06Nd773vdGU1PTsNwPAAAyEjgG0FrcHVd0boqH9uwc1vueMWla3Fg/1zodcBQpFouxatWqnoVD
h1tjY2MsXrzYYysAANAHgaMfD+3ZGR994amKP44yWNPHjIu7Z74tzpg0bUTuD/y/zs7OWL169aDX
2WhsbIy6urqYNWtWRERMmDAh6uvre6716quvRkTE5s2bY9u2bYNelLSuri4WL17ccy0AAOANAkcJ
t3dtjU9v2TjSw4iIiBUz5sUlHlmBEdPR0RGrVq0acK2Npqamnp1QDneWRbFY7NmBpa2trd9zC4VC
LFmyxBazAABwEIGjD5/esjFu79o60sPo5ZKpJ8SKGfNGehhQddra2mL16tX9ntPQ0BALFy6s2KyK
zs7OWLt27YCPwixevNi6HAAA8H8Ejjc5GuPGASIHDK+Ojo5oaWkp+X5dXV0sWrRoyGZSdHR0xJo1
a/p9LGbp0qVmcgAAQAgcvRxNj6WU4nEVGB6dnZ3xne98p+RjKcO14OdAC5sWCoW44IILrMkBAEDV
GzPSAzhaPLRn51EfNyLemGEy3Du6QLUpFouxevXqknGjubk5lixZMiy7mRQKhVi6dGnJR1EGGisA
AFQLMzjija1gz9r8+IjtlnK4po8ZF/fPOskWsjBEWlpaSs6YGMl1L/pbD6SxsTGWLFkyzCMCAICj
hxkcEXFF56Y0cSMiYsfr++KKzk0jPQwYldra2krGjebm5hFd1LOpqank/Qez+woAAIxmVR84bu/a
WvFHPuaMK8SiSVN7/ZszrrJT2R/as/OoXQwVMnvsscf6fL2xsTEWLVo0zKM51OLFi0suKlpq7AAA
UA2q/hGVeZvWx6a9R/7s+pxxhfhc7Vvi/MnHx9zxfceMTXuLsXL3r+Lml16MX+478nvOHV+IjXNP
O+LrAG9Yt25dn5Ggrq4uli5dOixrbgxGsViMlpaWPndXWbhwYZx66qkjMCoAABhZVT2D4/aurUcc
N+aMK8SKGfPimRNPi8unzywZNyLeCBKXT58Zz5x4WqyYMe+IZ3Vs2ls0iwMqpFgsRmtra5/vLVq0
6KiJGxFvLDxaajbJY489ZsFRAACqUlUHjiuPcB2LUwqTY/2c5rK2bb1k6gmxfk5znHKEC4Ue6XcA
3tDW1tZnGGhoaCj5SMhIKjWuYrFoLQ4AAKpS1QaOlbu2H9HCohdPPSF+/NbmmD5mXNnXmD5mXPz4
rc1xcRmB5IAdr++Llbu2l/154A2losDChQuHeSSDV2psAgcAANWoagPHkSwsekphctw2Y17FxnLb
jHlHNJOj0oukQrXp6urqcz2LpqamqK+vH4ERDU59fX2fu6ps27Yturq6RmBEAAAwcqo2cNyzu7xZ
D3PGFeK/Zp1U4dFE/Nesk8pek6Pc7wK8odS2sI2NjcM8ksNXaoylvhMAAIxWVRk4Wou7y15c9Nrj
Zx/RYymlTB8zLq49fnZZn920txitxd0VHhFUj/b29j5fPxrX3nizUmMs9Z0AAGC0qsrA8WCZj3TM
GVcoa0HRwbpk6gllz+Io9zsBfceAxsbGo2rnlFIKhUKfkUPgAACg2lRl4PhlmbM3Plf7lgqPpHL3
2PHaaxUeCVSHUluq1tXVDfNIypdhpgkAAAy1qgwcG8p8nOP8ycdXeCSVu4eFRqE8fS0uGhExa9as
YR5J+UqN1TocAABUk6oMHOWYM64Qc8cP/XT1ueMLMW3M2CG/DwAAAIwmVRk4ntt3+I+ozBmGuHFA
cxlbxu583SMqUI5S26lOmTJlmEdSvgkTJvT5eqnHbwAAYDSqysBR7g4qRzO7qEB5SgWOqVOnDvNI
yldfX9/n652dncM8EgAAGDlVGTgAAACA0aUqA0e5W7EezU4p47EWoPRMjVIzO45GpWZqlJrZAQAA
o1F1Bo4y1tMoZ92Ocv20+PJhf2a6hUmhLKUCR3d39zCPpHyvvvpqn68XCqMv5gIAQClVGTjKsWlv
cVjW7ti0txg7Xt835PcBAACA0aQqA8epZT7OsXL3ryo8ksrd44xJ0yo8EqgOdXV1fb6eaYHOzZs3
9/l6Q0PDMI8EAABGTlUGjnK3fL1lx4sVHknl7jF9rEdUoBylHuPo6OgY5pGUL9NYAQBgqFRl4Phg
mbMdNu0txu1dWys8mv93e9fWsh+DKfc7ARGNjY2HvNbe3h7F4tG/pXSxWOwzcPT1nQAAYDSrysDR
XJhc9k4q121/fkjWyNjx+r64bvvzZX12zrhCNNtFBcpWKgZkmBlRaowCBwAA1aYqA0dExPnHHlfW
5zbtLcZZmx+v8Ggiztr8eNmzN8r9LsAbSq1V0d7ePswjOXylxmj9DQAAqk3VBo4jWZSztbg7Pr1l
Y8XG8uktG6O1uLvsz1tgFI7M1KlT+1xstK2t7ahebLSzszPa2toOeb2urq7k9rcAADBaVW3gOP/Y
42LamPIX5ry9a2uc9lzrET2usuP1fXHac61HtK7HtDFjzeCACmhqaurz9bVr1w7zSAav1NhKfRcA
ABjNqjZwRETcWH/iEX2+tbg73v1ca9xRRqC4o2trvPu51iOauRFx5N8BeENTU1NMmDDhkNc7OjqO
yrU4So1rwoQJAgcAAFWpqgPHJVNPKHux0QM27S3Gp7ZsjHmb1sfNO17sdx2NTXuLcfOOF2PepvXx
qS0by15z44A54wpxydQTjugawBsKhUIsWLCgz/fWrFlzVO2oUiwWY82aNX2+t2DBgpJb3wIAwGhW
s3///v0jPYiRdHvX1oqupxERMX3MuEN2NWkt7q747it3v+XtHk+BCvvWt74V3d3dh7ze2NgYS5Ys
GYERHaqlpaXP2RtTpkyJT37ykyMwIgAAGHlVPYMj4o1ZHIsmVXYxvh2v74uH9uzs9a/ScWPRpKni
BgyBUrM42tvbS86aGE6rV68u+chMqbEDAEA1qPrAERFxU/2JR7Tg6HCbNmZs3GTtDRgSTU1NJbdY
bW1t7XPXkuHS1tZW8v6NjY3W3gAAoKpV/SMqBzy0Z2ectfnxkR7GoNw/6yRbw8IQKhaL0dLSEtu2
bevz/VNPPTUWLlw4rGNavXp1ybhRV1cXS5cutfYGAABVzQyO/3PGpGmxYsa8kR7GgFbMmCduwBAr
FAqxePHiPndViYjYsGFDtLS0DMvCowdiS6m4MWHChFiyZIm4AQBA1TOD400+tWVjWdu+DoeLp54Q
tyWIMDBadHR0REtLS8n36+rqYtGiRSUfaanE/desWVNyJklExNKlS4fs/gAAkInA0YejMXKIGzAy
2traYvXq1f2e09DQEAsXLoz6+vqK3LOzszPWrl1bcjHRAxYvXmzdDQAA+D8CRwlDsX1suVbMmBeX
TD1hpIcBVaujoyPuu+++ePXVV/s9r6mpKRobG6OhoeGwHxkpFovR0dER7e3tAy5kOmHChDjnnHPM
3AAAgIMIHP14aM/OWPrCk7Hz9ddG5P7TxoyNlplvt+YGHAU6Oztj9erV/T4ucrDGxsaor6/viRAT
JkzomeHR2dnZE0s6Ojpi8+bNA87WOKCuri6WLFkSU6dWdntrAADITuAYQGtxd3y+89lYs6drWO+7
aNLUuKn+xGguTB7W+wKlFYvFWLVq1aBjRKU1NjbG4sWLLSgKAAB9EDgG6faurfGVXz0fv9w3tLsm
zBlXiBvrT4zzjz1uSO8DlK+trS3WrVsX3d3dw3K/KVOmxIIFC6y3AQAA/RA4DtPtXVvjis5nK/7Y
yrQxY+PG+hOttQGJbNiwIdatWzfg2hzlmjBhQixYsCBOPfXUIbk+AACMJgJHmVbu2h4P7dkZK3dt
L3tWx5xxhTj/2OPijEnTzNiApIrFYrS1tUVbW9ug1+cYSF1dXTQ1NUVTU5PHUQAAYJAEjgpoLe6O
B/fsjB2vvRYP7dkZERE7Xn8tflrcHRERpxQmx/QxYyMi4oxJ02L62LHxwUnTrK8Bo0xXV1fPTijt
7e2H9dnGxsaeHVgsIAoAAIdP4AAYQgcWJC0Wi9HZ2RkREfX19T0zM2z1CgAAlSFwAAAAAOmNGekB
AAAAABwpgeN/2bv3IEvr+s7j3+ecnplmYIaZYRcGDHJHEXS5iQZRELlKTInldaFULou6W8mWpUSF
SDYY0UJjdresBFwFXGJSlNTGjSwwsEhENq4mhDFkQ8GCsiEOMDIQBqaZS3ef/YM6XX1O91wae6bP
p/N6VZ3qPr/znHN+/fAHPG9+z/MAAAAA8QQOAAAAIJ7AAQAAAMQTOAAAAIB4AgcAAAAQT+AAAAAA
4gkcAAAAQDyBAwAAAIgncAAAAADxBA4AAAAgnsABAAAAxBM4AAAAgHgCBwAAABBP4AAAAADiCRwA
AABAPIEDAAAAiCdwAAAAAPEEDgAAACCewAEAAADEEzgAAACAeAIHAAAAEE/gAAAAAOIJHAAAAEA8
gQMAAACIJ3AAAAAA8QQOAAAAIJ7AAQAAAMQTOAAAAIB4AgcAAAAQT+AAAAAA4gkcAAAAQDyBAwAA
AIgncAAAAADxBA4AAAAgnsABAAAAxBM4AAAAgHgCBwAAABBP4AAAAADiCRwAAABAPIEDAAAAiCdw
AAAAAPEEDgAAACCewAEAAADEEzgAAACAeAIHAAAAEE/gAAAAAOIJHAAAAEA8gQMAAACIJ3AAAAAA
8QQOAAAAIJ7AAQAAAMQTOAAAAIB4AgcAAAAQT+AAAAAA4gkcAAAAQDyBAwAAAIgncAAAAADxBA4A
AAAgnsABAAAAxBM4AAAAgHgCBwAAABBP4AAAAADiCRwAAABAPIEDAAAAiCdwAAAAAPEEDgAAACCe
wAEAAADEEzgAAACAeAIHAAAAEE/gAAAAAOIJHAAAAEA8gQMAAACIJ3AAAAAA8QQOAAAAIJ7AAQAA
AMQTOAAAAIB4AgcAAAAQT+AAAAAA4gkcAAAAQDyBAwAAAIgncAAAAADxBA4AAAAgnsABAAAAxBM4
AAAAgHgCBwAAABBP4AAAAADiCRwAAABAPIEDAAAAiCdwAAAAAPEEDgAAACCewAEAAADEEzgAAACA
eAIHAAAAEE/gAAAAAOIJHAAAAEA8gQMAAACIJ3AAAAAA8QQOAAAAIJ7AAQAAAMQTOAAAAIB4AgcA
AAAQT+AAAAAA4gkcAAAAQDyBAwAAAIgncAAAAADxBA4AAAAgnsABAAAAxBM4AAAAgHgCBwAAABBP
4AAAAADiCRwAAABAPIEDAAAAiCdwAAAAAPEEDgAAACCewAEAAADEEzgAAACAeAIHAAAAEE/gAAAA
AOIJHAAAAEA8gQMAAACIJ3AAAAAA8QQOAAAAIJ7AAQAAAMQTOAAAAIB4AgcAAAAQT+AAAAAA4gkc
AAAAQDyBAwAAAIgncAAAAADxBA4AAAAgnsABAAAAxBM4AAAAgHgCBwAAABBP4AAAAADiCRwAAABA
PIEDAAAAiCdwAAAAAPEEDgAAACCewAEAAADEEzgAAACAeAIHAAAAEE/gAAAAAOIJHAAAAEA8gQMA
AACIJ3AAAAAA8QQOAAAAIJ7AAQAAAMQTOAAAAIB4AgcAAAAQT+AAAAAA4gkcAAAAQDyBAwAAAIgn
cAAAAADxBA4AAAAgnsABAAAAxBM4AAAAgHgCBwAAABBP4AAAAADiCRwAAABAPIEDAAAAiCdwAAAA
APEEDgAAACCewAEAAADEEzgAAACAeAIHAAAAEE/gAAAAAOIJHAAAAEA8gQMAAACIJ3AAAAAA8QQO
AAAAIJ7AAQAAAMQTOAAAAIB4AgcAAAAQT+AAAAAA4gkcAAAAQDyBAwAAAIgncAAAAADxBA4AAAAg
nsABAAAAxBM4AAAAgHgCBwAAABBP4AAAAADiCRwAAABAPIEDAAAAiCdwAAAAAPEEDgAAACCewAEA
AADEEzgAAACAeAIHAAAAEE/gAAAAAOIJHAAAAEA8gQMAAACIJ3AAAAAA8QQOAAAAIJ7AAQAAAMQT
OAAAAIB4AgcAAAAQT+AAAAAA4gkcAAAAQDyBAwAAAIgncAAAAADxBA4AAAAgnsABAAAAxBM4AAAA
gHgCBwAAABBP4AAAAADiCRwAAABAPIEDAAAAiCdwAAAAAPEEDgAAACCewAEAAADEEzgAAACAeAIH
AAAAEE/gAAAAAOIJHAAAAEA8gQMAAACIJ3AAAAAA8QQOAAAAIJ7AAQAAAMQTOAAAAIB4AgcAAAAQ
T+AAAAAA4gkcAAAAQDyBAwAAAIgncAAAAADxBA4AAAAgnsABAAAAxBM4AAAAgHgCBwAAABBP4AAA
AADiCRwAAABAPIEDAAAAiCdwAAAAAPEEDgAAACCewAEAAADEEzgAAACAeAIHAAAAEE/gAAAAAOIJ
HAAAAEA8gQMAAACIJ3AAAAAA8QQOAAAAIJ7AAQAAAMQTOAAAAIB4AgcAAAAQT+AAAAAA4gkcAAAA
QDyBAwAAAIgncAAAAADxBA4AAAAgnsABAAAAxBM4AAAAgHgCBwAAABBP4AAAAADiCRwAAABAPIED
AAAAiCdwAAAAAPEEDgAAACCewAEAAADEEzgAAACAeAIHAAAAEE/gAAAAAOIJHAAAAEA8gQMAAACI
J3AAAAAA8QQOAAAAIJ7AAQAAAMQTOAAAAIB4AgcAAAAQT+AAAAAA4gkcAAAAQDyBAwAAAIgncAAA
AADxBA4AAAAgnsABAAAAxBM4AAAAgHgCBwAAABBP4AAAAADiCRwAAABAPIEDAAAAiCdwAAAAAPEE
DgAAACCewAEAAADEEzgAAACAeAIHAAAAEE/gAAAAAOIJHAAAAEA8gQMAAACIJ3AAAAAA8QQOAAAA
IJ7AAQAAAMQTOAAAAIB4AgcAAAAQT+AAAAAA4gkcAAAAQDyBAwAAAIgncAAAAADxBA4AAAAgnsAB
AAAAxBM4AAAAgHgCBwAAABBP4AAAAADiCRwAAABAPIEDAAAAiCdwAAAAAPEEDgAAACCewAEAAADE
EzgAAACAeAIHAAAAEE/gAAAAAOIJHAAAAEA8gQMAAACIJ3AAAAAA8QQOAAAAIJ7AAQAAAMQTOAAA
AIB4AgcAAAAQT+AAAAAA4gkcAAAAQDyBAwAAAIgncAAAAADxBA4AAAAgnsABAAAAxBM4AAAAgHgC
BwAAABBP4AAAAADiCRwAAABAPIEDAAAAiCdwAAAAAPEEDgAAACCewAEAAADEEzgAAACAeAIHAAAA
EE/gAAAAAOIJHAAAAEA8gQMAAACIJ3AAAAAA8QQOAAAAIJ7AAQAAAMQTOAAAAIB4AgcAAAAQT+AA
AAAA4gkcAAAAQDyBAwAAAIgncAAAAADxBA4AAAAgnsABAAAAxBM4AAAAgHgCBwAAABBP4AAAAADi
CRwAAABAPIEDAAAAiCdwAAAAAPEEDgAAACCewAEAAADEEzgAAACAeAIHAAAAEE/gAAAAAOIJHAAA
AEA8gQMAAACIJ3AAAAAA8QQOAAAAIJ7AAQAAAMQTOAAAAIB4AgcAAAAQT+AAAAAA4gkcAAAAQDyB
AwAAAIgncAAAAADxBA4AAAAgnsABAAAAxBM4AAAAgHgCBwAAABBP4AAAAADiCRwAAABAPIEDAAAA
iCdwAAAAAPEEDgAAACCewAEAAADEEzgAAACAeAIHAAAAEE/gAAAAAOIJHAAAAEA8gQMAAACIJ3AA
AAAA8QQOAAAAIJ7AAQAAAMQTOAAAAIB4AgcAAAAQT+AAAAAA4gkcAAAAQDyBAwAAAIgncAAAAADx
BA4AAAAgnsABAAAAxBM4AAAAgHgCBwAAABBP4AAAAADiCRwAAABAPIEDAAAAiCdwAAAAAPEEDgAA
ACCewAEAAADEEzgAAACAeAIHAAAAEE/gAAAAAOIJHAAAAEA8gQMAAACIJ3AAAAAA8QQOAAAAIJ7A
AQAAAMQTOAAAAIB4AgcAAAAQT+AAAAAA4gkcAAAAQDyBAwAAAIgncAAAAADxBA4AAAAgnsABAAAA
xBM4AAAAgHgCBwAAABBP4AAAAADiCRwAAABAPIEDAAAAiCdwAAAAAPEEDgAAACCewAEAAADEEzgA
AACAeAIHAAAAEE/gAAAAAOIJHAAAAEA8gQMAAACIJ3AAAAAA8QQOAAAAIJ7AAQAAAMQTOAAAAIB4
AgcAAAAQT+AAAAAA4gkcAAAAQDyBAwAAAIgncAAAAADxBM4LXJEAABpPSURBVA4AAAAgnsABAAAA
xBM4AAAAgHgCBwAAABBP4AAAAADiCRwAAABAPIEDAAAAiCdwAAAAAPEEDgAAACCewAEAAADEEzgA
AACAeAIHAAAAEE/gAAAAAOIJHAAAAEA8gQMAAACIJ3AAAAAA8QQOAAAAIJ7AAQAAAMQTOAAAAIB4
AgcAAAAQT+AAAAAA4gkcAAAAQDyBAwAAAIgncAAAAADxBA4AAAAgnsABAAAAxBM4AAAAgHgCBwAA
ABBP4AAAAADiCRwAAABAPIEDAAAAiCdwAAAAAPEEDgAAACCewAEAAADEEzgAAACAeAIHAAAAEE/g
AAAAAOIJHAAAAEA8gQMAAACIJ3AAAAAA8QQOAAAAIJ7AAQAAAMQTOAAAAIB4AgcAAAAQT+AAAAAA
4gkcAAAAQDyBAwAAAIgncAAAAADxBA4AAAAgnsABAAAAxBM4AAAAgHgCBwAAABBP4AAAAADiCRwA
AABAPIEDAAAAiCdwAAAAAPEEDgAAACCewAEAAADEEzgAAACAeAIHAAAAEE/gAAAAAOIJHAAAAEA8
gQMAAACIJ3AAAAAA8QQOAAAAIJ7AAQAAAMQTOAAAAIB4AgcAAAAQT+AAAAAA4gkcAAAAQDyBAwAA
AIgncAAAAADxBA4AAAAgnsABAAAAxBM4AAAAgHgCBwAAABBP4AAAAADiCRwAAABAPIEDAAAAiCdw
AAAAAPEEDgAAACCewAEAAADEEzgAAACAeAIHAAAAEE/gAAAAAOIJHAAAAEA8gQMAAACIJ3AAAAAA
8QQOAAAAIJ7AAQAAAMQTOAAAAIB4AgcAAAAQT+AAAAAA4gkcAAAAQDyBAwAAAIgncAAAAADxBA4A
AAAgnsABAAAAxBM4AAAAgHgCBwAAABBP4AAAAADiCRwAAABAPIEDAAAAiCdwAAAAAPEEDgAAACCe
wAEAAADEEzgAAACAeAIHAAAAEE/gAAAAAOIJHAAAAEA8gQMAAACIJ3AAAAAA8QQOAAAAIJ7AAQAA
AMQTOAAAAIB4AgcAAAAQT+AAAAAA4gkcAAAAQDyBAwAAAIgncAAAAADxBA4AAAAgnsABAAAAxBM4
AAAAgHgCBwAAABBP4AAAAADiCRwAAABAPIEDAAAAiCdwAAAAAPEEDgAAACCewAEAAADEEzgAAACA
eAIHAAAAEE/gAAAAAOIJHAAAAEA8gQMAAACIJ3AAAAAA8QQOAAAAIJ7AAQAAAMQTOAAAAIB4AgcA
AAAQT+AAAAAA4gkcAAAAQDyBAwAAAIgncAAAAADxBA4AAAAgnsABAAAAxBM4AAAAgHgCBwAAABBP
4AAAAADiCRwAAABAPIEDAAAAiCdwAAAAAPEEDgAAACCewAEAAADEEzgAAACAeAIHAAAAEE/gAAAA
AOIJHAAAAEA8gQMAAACIJ3AAAAAA8QQOAAAAIJ7AAQAAAMQTOAAAAIB4AgcAAAAQT+AAAAAA4gkc
AAAAQDyBAwAAAIgncAAAAADxBA4AAAAgnsABAAAAxBM4AAAAgHgCBwAAABBP4AAAAADiCRwAAABA
PIEDAAAAiCdwAAAAAPEEDgAAACCewAEAAADEEzgAAACAeAIHAAAAEE/gAAAAAOIJHAAAAEA8gQMA
AACIJ3AAAAAA8QQOAAAAIJ7AAQAAAMQTOAAAAIB4AgcAAAAQT+AAAAAA4gkcAAAAQDyBAwAAAIgn
cAAAAADxBA4AAAAgnsABAAAAxBM4AAAAgHgCBwAAABBP4AAAAADiCRwAAABAPIEDAAAAiCdwAAAA
APEEDgAAACCewAEAAADEEzgAAACAeAIHAAAAEE/gAAAAAOIJHAAAAEA8gQMAAACIJ3AAAAAA8QQO
AAAAIJ7AAQAAAMQTOAAAAIB4AgcAAAAQT+AAAAAA4gkcAAAAQDyBAwAAAIgncAAAAADxBA4AAAAg
nsABAAAAxBM4AAAAgHgCBwAAABBP4AAAAADiCRwAAABAPIEDAAAAiCdwAAAAAPEEDgAAACCewAEA
AADEEzgAAACAeAIHAAAAEE/gAAAAAOIJHAAAAEA8gQMAAACIJ3AAAAAA8QQOAAAAIJ7AAQAAAMQT
OAAAAIB4AgcAAAAQT+AAAAAA4gkcAAAAQDyBAwAAAIgncAAAAADxBA4AAAAgnsABAAAAxBM4AAAA
gHgCBwAAABBP4AAAAADiCRwAAABAPIEDAAAAiCdwAAAAAPEEDgAAACCewAEAAADEEzgAAACAeAIH
AAAAEE/gAAAAAOIJHAAAAEA8gQMAAACIJ3AAAAAA8QQOAAAAIJ7AAQAAAMQTOAAAAIB4AgcAAAAQ
T+AAAAAA4gkcAAAAQDyBAwAAAIgncAAAAADxBA4AAAAgnsABAAAAxBM4AAAAgHgCBwAAABBP4AAA
AADiCRwAAABAPIEDAAAAiCdwAAAAAPEEDgAAACCewAEAAADEG5rrCcymTqfT8xMAAACYqmmanp/z
wbwIHJ1Op8bHx2t8fLw6nY7AAQAAANvQNE01TVOtVqtarda8CB1NJ7gGdMPG2NhYbR7p1NoHm3r2
/zW14RdNbdnQVO5fBgAAALOvaaoW7N6p3f9lp5Yf0Km9j+jUwsVNtdvt+NARGzg6nU6Njo7W2NhY
PXZvq37+121BAwAAAGagaapecfxYHXjSeLXb7RoaGoqNHJGBY3x8vEZHR+v5tWP18Kqh2rDWtVIB
AADg5dp97/E6/MzRWrL3S5Gj1co7zo4KHN3ra4yNjdX6p0br//zZgtr8QmZZAgAAgEGycI9OHXnu
llq6z1C12+2J63SkiEgyky8cOjY2VqOjo/XwqiFxAwAAAGbJ5heaenjV0MTlIKoq6kYeAx84Jt/6
tXtqymP3tpyWAgAAALNsw9pWPXZvq0ZHRyfuVFpVEZFjoCtB/44cGxurTRvGa8198+LutgAAADBw
1tw3VJs2jPes4pj8c1ANbOCYvAMn3w527YNu/woAAAA7S6dTtfbBpsbGxiZWcSREjoEMHP1xo6om
Asdzj7fncmoAAAAw7z33eHsicFRVROQYyMDRb3x8fCJwjDwdMWUAAACINfJ0ayJwdCPHoBu4WtC/
emPyKSrj4+M1OjJwUwYAAIB5ZXSkNXEc3n98XjWYqzgG8mqd/Tuv9zHXswMAAID5rdOZemw+WdM0
czSzrRuo5RD9O6x/9Ub3Cq4AAADAzjX5FJXpIsegreIYqMBRNf2pKZMjBwAAALDzTY4bWztVZZAM
XODomu5aHAIHAAAA7Br9UaNq8FZtTDYwgWPyTuqPG1ZvAAAAwK433Skq0x2/D4KBCRxd/XFj8u8i
BwAAAOwa04WNQV7JMVCBY7odNN2OBAAAAHau7QWNQTtGH6jA0W+628QCAAAAO1/aMflABw4AAACA
HSFwAAAAAPEEDgAAACCewAEAAADEEzgAAACAeAIHAAAAEE/gAAAAAOIJHAAAAEA8gQMAAACIJ3AA
AAAA8QQOAAAAIJ7AAQAAAMQTOAAAAIB4AgcAAAAQT+AAAAAA4gkcAAAAQDyBAwAAAIgncAAAAADx
huZ6AgDAVOvWr6kb7vydnrGVKw6s8956+Yw+5w9v+Xi9uOmFief77XVwfeCUz8zou2+/7/qqqjrr
uAtm9N17Ld2vPnz670772o13XVlr/+nxnrEjDzxxh79jy+im+tptn6qNmzf0jJ/yuvfWcYed3jO2
fmRd/ZfbPr3Nz+v+jZMdut/Rdei+x2z1PbsP71kfPefLOzRfAGDnEzgAYABt2jIy7UH3q37l9XX8
YWfs8Of88MFb6slnfzbx/I2vPudlf/d0Y9vy2gNP2uprxxzytvr4107uGbv7b2+qf3XQybXvioO3
+9l33n9jfeeHX+0ZO2jlUfXv3vEfp2y7ZXTTjOdeVfXImtX1yJrVW319/3/xKoEDAAaIU1QAIMgf
/Y9P1Mim9XM9jV/aUQe+qX79jf+2Z2zTlpG68a7Pbfe9//TC2imrW6qqPvL2L9fwwt1nbY4AQBaB
AwCC/MPaB+vme6euUkh0/qmX1/I99ukZu/P+G+snP/3+Nt930z1frmdfeKpn7IxjP1jHHXrarM8R
AMjhFBUACHPjXVfWSa95Zx287+t22Xe++6SP1/mn/vaM3tNqtbf5+vI99qmLz7qqvnTzRT3j31h1
Wf3+v/leLRhaNOU9jz7xk7r53q/0jO0+vGd96LT/sNXvWbFk3/rOFeu2OZc//99/WNfd8dmesf/0
0XvrgL2P2Op7msb/JwKAQSJwAECgP7r1E/XFC26rdmvX/Kt86eIVtfvwnrP+uW87+ry68/4/rtWP
3j0x9uDjP6r/ufpbdfbxF/Zs2+mM13V3TI0sF57xudp72Su3+h1N02x37kt2WzFlbPfhpTvlbwYA
dg7/6wEAAq1+9O66475vzvU0fmnt1lBdcvbVU8ZvuPN36rkNv+gZ+19//9/rxw/d1jN2xP5vqLOP
710BAgD88yRwAECor6+6rH7x3OPb33DAHbbfMfX+kz/VM/bM80/Ut+/9g4nnI5uer+tWTV29ccnZ
V097KgsA8M+PwAEAIU553Xtr8aIlE8/Xj6yr6++4Yg5nNHve95ZP1j7LD+wZu+n7V9dPn3ygqqq+
+6Nr6vGnH+p5/dff+LE66sA37bI5AgCDTeAAgBAHr3xtffj03+0Zu/P+G+vHD98+RzOaPXvstrwu
OeuLU8ZvuPOKWrPukSm3j12+xz513lsv31XTAwACCBwAEOScEy6pI/Z/Q8/YNbd8ojZsfG6OZjR7
3nzUu+pXj3hHz9gPH/xuffbGc2vTlpGe8YvO/HytWLJyV04PABhwAgcABFk4NFwf+7Xe26Q+/vRD
9e0ffGUr75gda9b9tNatX7PDj06nM+PvaJpWXXzmVbVwaLhn/B/WPtjz/OiDT6nTjjn/l/p7AID5
x21iASDMEfu/od590sfr5kkX4fzW3Z+vk448tw7d7+id8p2333d93X7f9Tu8/W2fG6mh9sIZf88r
9z6iznvrZXX9nVu/tsglZ1+9y26PCwDksIIDAAJ94JRPT7ko57W3frJGx7bM0YxmzztP/I06YO/X
TPva+95yaR32imN38YwAgAQCBwAEWrp4r/rI2Vf3jK3+6V/UqvtumKMZzZ5W06pWa/r/RGm3F+zi
2QAAKazvBIBQJx15br3lte+uex64eWLs66suq9cffmbtveyVs/59F5/1hR3ettW0X/b3fOeHX62f
Pfl30772J3dfVW8+8l077VQcACCXwAEAoZqmqYvO/Hz99cOramTT81VV9cKLz9Z1d3y2PvWeG6pp
mln7rgvP+Fy97y2Xztrnbc3jTz805Zaw/a697dL64gW3uQ4HANDDKSoAEGy/FYfUh0+/smfsrtXf
qh89dOsczejl63TG6+u3f6Y2j27sGe9fjbL60bvrrtXf2pVTAwACCBwAEO7XTrikXvPKN/aMXXvr
pbVh43NzNKOX5wd/99/qL//+z3vGjjnk1Pr8h75bQ33X3vj67ZfVM88/sSunBwAMOIEDAMItGFpU
HzvnKz1j//j0w3XTPV+eoxnN3PMvPlNfu/3TU8YvOvOqOnCfI+sDp3ymZ/zZF56qG7/3e7tqegBA
AIEDAOaBV+9/Qr3nzZ/oGfvTv/hCPb3+H+doRjNz0/e/VE89+1jP2Lkn/ka96leOr6qqd73pN2vl
8oN6Xr/lR9fW3/7snl02RwBgsAkcADBPfOCUT02JAKNjW+ZoNjvu4Z/fVzfd86WesaWL96r3n/xb
E8/3GF5WF545dcXGNbd+sjZteXGnzxEAGHwCBwDME0t2W1EfefvVcz2NGRkd21LX3PrJKeMXnH5l
rViyb8/YyUe9u4479LSesf/787+pW3587U6dIwCQQeAAgHnkTa95Z5382vfM9TR22B1/88164Gc/
6Bk7/BXH1RnHfWjKtq1Wuy4686op49ffcUWteebRnTZHACCDG8gDwDzSNE1dfNZV9VcP314jm56f
tc+97o7P1iNP/GRG71nQXlSffu83t/r60+t/Xt9YdfmU8YvP+kItHBqe9j2HveLYOvfE36w/+8v/
PDG2actIXbfqt+vy9/9JNU0zozkCAPOHwAEA88zK5QfVhWf8Xn31u/9+Vj/3ngduntH2Sxfvtc3X
/+tdV9b6kXU9Y287+rw65pBTt/m+95/8W/W9n/xpPbfhFxNj33/g2/W2o/91/eoR75jRHAGA+cMp
KgAwD7399RfXkQecONfT2Kr7H/1e3fZX3+gZW7RgcX3wtCu2+94VS1bWBadfOWX8mlsvrQ0bn5u1
OQIAWQQOAJiHFgwtqo+e8/tzPY1pbdoyUtfeeumU8fNPvbz2W3HIDn3GGcd+sF69/wk9Y2vWPVLf
/sFXZmWOAECeptPpdOZ6ElVVnU6n5zE+Pl5jY2MTj82bN9fGjRvroT/eb66nCgAAAPPeq85fU8PD
w7Vw4cJqt9sTj1arVU3T9DwGgRUcAAAAQDyBAwAAAIgncAAAAADxBA4AAAAgnsABAAAAxBM4AAAA
gHgCBwAAABBP4AAAAADiCRwAAABAPIEDAAAAiCdwAAAAAPEEDgAAACCewAEAAADEEzgAAACAeAIH
AAAAEE/gAAAAAOIJHAAAAEA8gQMAAACIJ3AAAAAA8QQOAAAAIJ7AAQAAAMQTOAAAAIB4AgcAAAAQ
Ly5wNM1czwAAAADmt8Rj77jA0RoenespAAAAwLyWeOwdEziapqmmaWrhss1zPRUAAACY1xYu2zxx
HJ4iJnB0LV65ca6nAAAAAPNa4rF3TOBomqZarVbtccCGyHOBAAAAIEHTVO1xwIZqtVpWcOwsrVar
hoY7teTwZ+d6KgAAADAvLTn82Roa7lSrFZUMsgJHdxXHsqOeqaE9X5zr6QAAAMC8MrTni7XsqGfi
Vm9UhQWOqpdWcbTb7Vp+7BPVGt4y19MBAACAeaE1vKWWH/tEtdvtuNUbVYGBo7uKY9GysVp2wmPV
Xjoy11MCAACAaO2lI7XshMdq0bKxyNUbVYGBo+qlyNFut1+KHCc+UsMHPVVVnbmeFgAAAITp1PBB
T9WyEx+pRcvGqt1uR8aNqqqhuZ7ATHV3dHclx9DQUC0+/MlasP+TteXJFTX6zNIae3636mxaUFWZ
/1AAAABg5+hUs2hLtZe8WEMr1teClc/Ugt2qhoYW9KzcSIwcAx04mqaZ9tHd6e12uzqdl1ZutFpj
NXTguuoc8PTEGAAAADBV9/i63W73PCYfc0/3GGQDFTi6O2tyoNhW5BgfH5+48El3rNPpCBwAAACw
DZOPrbuPmcSNQQweAxU4uvp34HQ7vns3lf73iRsAAACwfZOPtbsrOPqPu6c7Nh+0sNE1MIGjP05M
t2Kj0+lM7Pj+kNFd0QEAAADsmMmXgJj8mC5ybG0lx6AYmMAxnf6w0el0JuLG5NUbTdNMnK5iBQcA
AABsX//ZEpPjxuTIMfnUlUE2cIFj8g7rdDpbjRzdbbtxY3x8XNwAAACAGegPHNuLG4N8mspABY7p
TlPp/uxeTLT7etM0NTY2NhE4uhcXFTkAAABg+/ovC9EfN6Y7RaX//YNkoAJH13Q7rRs4us+nW73R
jRsiBwAAAGzd9m7qsa1rcAxa2OgauMDRXcUxeYf13xK2u13/BUiFDQAAANhx063imO736e52Omia
zoBWgf4VGZ1Op2elRv/v3e0AAACAHdMNFZMjxtZ+724/iHGjasADR//P/sfkC4tawQEAAAAz0x8v
tnVKyiCv3qga4MBRtf3IMXls8nYAAADA9k23MiMxblQNeOCo6o0WwgYAAADMvm2Fjv5tBtXAXWS0
X3cH9l94tP+1yQSP/9/eHdsoDoVRGP1ntaIDIkLqoAEaIIQmqGKaMCEN0AAdkBMS0QHJbDQrJNto
JILnqzknJrgIyRKfnm0AAAAY9+qVr0mnNp5NPnB8G3q7yqvPAgAAAD8zdlIj6f/15G9RGTI0OfBr
AAAAQHNDESMpbHyLDBzPwucDAADAJCRGjWcxt6iMSf8BAAAAgPf9aT0AAAAA4F0CBwAAABBP4AAA
AADiCRwAAABAPIEDAAAAiCdwAAAAAPEEDgAAACCewAEAAADEEzgAAACAeAIHAAAAEE/gAAAAAOIJ
HAAAAEA8gQMAAACIJ3AAAAAA8QQOAAAAIJ7AAQAAAMQTOAAAAIB4AgcAAAAQT+AAAAAA4gkcAAAA
QLyPqvpqPQIAAADgHU5wAAAAAPEEDgAAACCewAEAAADEEzgAAACAeAIHAAAAEE/gAAAAAOIJHAAA
AEA8gQMAAACIJ3AAAAAA8QQOAAAAIJ7AAQAAAMQTOAAAAIB4AgcAAAAQT+AAAAAA4gkcAAAAQDyB
AwAAAIgncAAAAADxBA4AAAAgnsABAAAAxBM4AAAAgHgCBwAAABBP4AAAAADiCRwAAABAPIEDAAAA
iCdwAAAAAPEEDgAAACDe39YDAJi25XJZq9Wq5vN56ynAL3S/3+t8Ptf1em09BYCJEzgAGPX5+Vm7
3a71DIDquq72+33rGQBM2EdVfbUeAcD0HA6HWq/XrWcA/Hc6nWq73baeAcBEeQYHAD273U7cACZn
vV47VQbAKIEDgJ7NZtN6AsAg1ycAxrhFBYCe2+1Ws9ms9QyAnsfjUYvFovUMACbICQ4AAAAgnsAB
QM/lcmk9AWCQ6xMAYwQOAHqOx2PrCQCDXJ8AGOMZHAAM8ppYYGq8JhaAV5zgAGDQdrutrutazwCo
qqqu68QNAF5yggOAl5bLZa1Wq5rP562nAL/Q/X6v8/lc1+u19RQAJk7gAAAAAOK5RQUAAACIJ3AA
AAAA8QQOAAAAIJ7AAQAAAMQTOAAAAIB4AgcAAAAQT+AAAAAA4gkcAAAAQDyBAwAAAIgncAAAAADx
BA4AAAAgnsABAAAAxBM4AAAAgHgCBwAAABBP4AAAAADiCRwAAABAPIEDAAAAiCdwAAAAAPEEDgAA
ACCewAEAAADEEzgAAACAeAIHAAAAEE/gAAAAAOIJHAAAAEA8gQMAAACIJ3AAAAAA8f4BX/SOCATT
6m0AAAAASUVORK5CYII=
" width="800px"&gt;</msg>
<status status="PASS" starttime="20230624 10:30:16.764" endtime="20230624 10:30:17.002"/>
</kw>
<kw name="Close Application" library="AppiumLibrary">
<doc>Closes the current application and also close webdriver session.</doc>
<status status="PASS" starttime="20230624 10:30:17.002" endtime="20230624 10:30:17.257"/>
</kw>
<status status="PASS" starttime="20230624 10:30:16.764" endtime="20230624 10:30:17.259"/>
</kw>
<status status="PASS" starttime="20230624 10:29:53.146" endtime="20230624 10:30:17.259"/>
</test>
<kw name="Close Apps" library="appDietPages" type="TEARDOWN">
<kw name="Capture Page Screenshot" library="AppiumLibrary">
<doc>Takes a screenshot of the current page and embeds it into the log.</doc>
<kw name="Capture Page Screenshot" library="AppiumLibrary">
<doc>Takes a screenshot of the current page and embeds it into the log.</doc>
<msg timestamp="20230624 10:30:17.262" level="FAIL">No application is open</msg>
<status status="FAIL" starttime="20230624 10:30:17.261" endtime="20230624 10:30:17.283"/>
</kw>
<msg timestamp="20230624 10:30:17.285" level="WARN">Keyword 'Capture Page Screenshot' could not be run on failure: No application is open</msg>
<msg timestamp="20230624 10:30:17.286" level="FAIL">No application is open</msg>
<status status="FAIL" starttime="20230624 10:30:17.261" endtime="20230624 10:30:17.287"/>
</kw>
<kw name="Quit Application" library="AppiumLibrary">
<doc>*DEPRECATED!!* in selenium v4, check `Close Application` keyword.</doc>
<msg timestamp="20230624 10:30:17.288" level="WARN">Keyword 'AppiumLibrary.Quit Application' is deprecated. in selenium v4, check `Close Application` keyword.</msg>
<kw name="Capture Page Screenshot" library="AppiumLibrary">
<doc>Takes a screenshot of the current page and embeds it into the log.</doc>
<msg timestamp="20230624 10:30:17.289" level="FAIL">No application is open</msg>
<status status="FAIL" starttime="20230624 10:30:17.289" endtime="20230624 10:30:17.289"/>
</kw>
<msg timestamp="20230624 10:30:17.292" level="WARN">Keyword 'Capture Page Screenshot' could not be run on failure: No application is open</msg>
<msg timestamp="20230624 10:30:17.292" level="FAIL">No application is open</msg>
<status status="FAIL" starttime="20230624 10:30:17.287" endtime="20230624 10:30:17.293"/>
</kw>
<status status="FAIL" starttime="20230624 10:30:17.260" endtime="20230624 10:30:17.293">Several failures occurred:

1) No application is open

2) No application is open</status>
</kw>
<status status="FAIL" starttime="20230624 10:29:44.507" endtime="20230624 10:30:17.293">Suite teardown failed:
Several failures occurred:

1) No application is open

2) No application is open</status>
</suite>
<statistics>
<total>
<stat pass="0" fail="1" skip="0">All Tests</stat>
</total>
<tag>
</tag>
<suite>
<stat pass="0" fail="1" skip="0" id="s1" name="Appdietstep">Appdietstep</stat>
</suite>
</statistics>
<errors>
<msg timestamp="20230624 10:30:15.967" level="WARN">Keyword 'AppiumLibrary.Tap' is deprecated. Since selenium v4, use `Tap With Positions` keyword.</msg>
<msg timestamp="20230624 10:30:17.285" level="WARN">Keyword 'Capture Page Screenshot' could not be run on failure: No application is open</msg>
<msg timestamp="20230624 10:30:17.288" level="WARN">Keyword 'AppiumLibrary.Quit Application' is deprecated. in selenium v4, check `Close Application` keyword.</msg>
<msg timestamp="20230624 10:30:17.292" level="WARN">Keyword 'Capture Page Screenshot' could not be run on failure: No application is open</msg>
</errors>
</robot>
